{"D:\\UnlistedHub-BlackTheme\\UnlistedHub-Backend\\server.js": {"path":"D:\\UnlistedHub-BlackTheme\\UnlistedHub-Backend\\server.js","statementMap":{"0":{"start":{"line":1,"column":16},"end":{"line":1,"column":34}},"1":{"start":{"line":2,"column":17},"end":{"line":2,"column":36}},"2":{"start":{"line":3,"column":13},"end":{"line":3,"column":28}},"3":{"start":{"line":4,"column":0},"end":{"line":4,"column":27}},"4":{"start":{"line":6,"column":12},"end":{"line":6,"column":21}},"5":{"start":{"line":9,"column":23},"end":{"line":15,"column":17}},"6":{"start":{"line":17,"column":20},"end":{"line":29,"column":1}},"7":{"start":{"line":19,"column":4},"end":{"line":19,"column":45}},"8":{"start":{"line":19,"column":17},"end":{"line":19,"column":45}},"9":{"start":{"line":21,"column":31},"end":{"line":21,"column":81}},"10":{"start":{"line":22,"column":4},"end":{"line":24,"column":5}},"11":{"start":{"line":23,"column":6},"end":{"line":23,"column":34}},"12":{"start":{"line":26,"column":4},"end":{"line":26,"column":65}},"13":{"start":{"line":32,"column":0},"end":{"line":32,"column":27}},"14":{"start":{"line":33,"column":0},"end":{"line":33,"column":24}},"15":{"start":{"line":34,"column":0},"end":{"line":34,"column":48}},"16":{"start":{"line":37,"column":0},"end":{"line":37,"column":47}},"17":{"start":{"line":38,"column":0},"end":{"line":38,"column":49}},"18":{"start":{"line":39,"column":0},"end":{"line":39,"column":55}},"19":{"start":{"line":40,"column":0},"end":{"line":40,"column":47}},"20":{"start":{"line":41,"column":0},"end":{"line":41,"column":57}},"21":{"start":{"line":42,"column":0},"end":{"line":42,"column":57}},"22":{"start":{"line":43,"column":0},"end":{"line":43,"column":51}},"23":{"start":{"line":46,"column":0},"end":{"line":55,"column":1}},"24":{"start":{"line":47,"column":2},"end":{"line":52,"column":67}},"25":{"start":{"line":51,"column":14},"end":{"line":51,"column":48}},"26":{"start":{"line":52,"column":16},"end":{"line":52,"column":65}},"27":{"start":{"line":54,"column":2},"end":{"line":54,"column":99}},"28":{"start":{"line":58,"column":0},"end":{"line":60,"column":3}},"29":{"start":{"line":59,"column":2},"end":{"line":59,"column":59}},"30":{"start":{"line":63,"column":0},"end":{"line":66,"column":3}},"31":{"start":{"line":64,"column":2},"end":{"line":64,"column":27}},"32":{"start":{"line":65,"column":2},"end":{"line":65,"column":59}},"33":{"start":{"line":68,"column":13},"end":{"line":68,"column":37}},"34":{"start":{"line":70,"column":0},"end":{"line":74,"column":1}},"35":{"start":{"line":71,"column":2},"end":{"line":73,"column":5}},"36":{"start":{"line":72,"column":4},"end":{"line":72,"column":53}},"37":{"start":{"line":76,"column":0},"end":{"line":76,"column":21}}},"fnMap":{"0":{"name":"(anonymous_0)","decl":{"start":{"line":18,"column":10},"end":{"line":18,"column":11}},"loc":{"start":{"line":18,"column":32},"end":{"line":27,"column":3}},"line":18},"1":{"name":"(anonymous_1)","decl":{"start":{"line":51,"column":8},"end":{"line":51,"column":9}},"loc":{"start":{"line":51,"column":14},"end":{"line":51,"column":48}},"line":51},"2":{"name":"(anonymous_2)","decl":{"start":{"line":52,"column":9},"end":{"line":52,"column":10}},"loc":{"start":{"line":52,"column":16},"end":{"line":52,"column":65}},"line":52},"3":{"name":"(anonymous_3)","decl":{"start":{"line":58,"column":23},"end":{"line":58,"column":24}},"loc":{"start":{"line":58,"column":37},"end":{"line":60,"column":1}},"line":58},"4":{"name":"(anonymous_4)","decl":{"start":{"line":63,"column":8},"end":{"line":63,"column":9}},"loc":{"start":{"line":63,"column":33},"end":{"line":66,"column":1}},"line":63},"5":{"name":"(anonymous_5)","decl":{"start":{"line":71,"column":30},"end":{"line":71,"column":31}},"loc":{"start":{"line":71,"column":36},"end":{"line":73,"column":3}},"line":71}},"branchMap":{"0":{"loc":{"start":{"line":19,"column":4},"end":{"line":19,"column":45}},"type":"if","locations":[{"start":{"line":19,"column":4},"end":{"line":19,"column":45}},{"start":{},"end":{}}],"line":19},"1":{"loc":{"start":{"line":22,"column":4},"end":{"line":24,"column":5}},"type":"if","locations":[{"start":{"line":22,"column":4},"end":{"line":24,"column":5}},{"start":{},"end":{}}],"line":22},"2":{"loc":{"start":{"line":22,"column":8},"end":{"line":22,"column":74}},"type":"binary-expr","locations":[{"start":{"line":22,"column":8},"end":{"line":22,"column":39}},{"start":{"line":22,"column":43},"end":{"line":22,"column":74}}],"line":22},"3":{"loc":{"start":{"line":46,"column":0},"end":{"line":55,"column":1}},"type":"if","locations":[{"start":{"line":46,"column":0},"end":{"line":55,"column":1}},{"start":{"line":53,"column":7},"end":{"line":55,"column":1}}],"line":46},"4":{"loc":{"start":{"line":68,"column":13},"end":{"line":68,"column":37}},"type":"binary-expr","locations":[{"start":{"line":68,"column":13},"end":{"line":68,"column":29}},{"start":{"line":68,"column":33},"end":{"line":68,"column":37}}],"line":68},"5":{"loc":{"start":{"line":70,"column":0},"end":{"line":74,"column":1}},"type":"if","locations":[{"start":{"line":70,"column":0},"end":{"line":74,"column":1}},{"start":{},"end":{}}],"line":70}},"s":{"0":4,"1":4,"2":4,"3":4,"4":4,"5":4,"6":4,"7":47,"8":47,"9":0,"10":0,"11":0,"12":0,"13":4,"14":4,"15":4,"16":4,"17":4,"18":4,"19":4,"20":4,"21":4,"22":4,"23":4,"24":4,"25":4,"26":0,"27":0,"28":4,"29":0,"30":4,"31":0,"32":0,"33":4,"34":4,"35":0,"36":0,"37":4},"f":{"0":47,"1":4,"2":0,"3":0,"4":0,"5":0},"b":{"0":[47,0],"1":[0,0],"2":[0,0],"3":[4,0],"4":[4,0],"5":[0,4]},"_coverageSchema":"1a1c01bbd47fc00a2c39e90264f33305004495a9","hash":"03e2bbd798031398a88c128582a0d01b99fede53"}
,"D:\\UnlistedHub-BlackTheme\\UnlistedHub-Backend\\middleware\\admin.js": {"path":"D:\\UnlistedHub-BlackTheme\\UnlistedHub-Backend\\middleware\\admin.js","statementMap":{"0":{"start":{"line":1,"column":13},"end":{"line":1,"column":38}},"1":{"start":{"line":3,"column":0},"end":{"line":19,"column":2}},"2":{"start":{"line":4,"column":2},"end":{"line":18,"column":3}},"3":{"start":{"line":5,"column":4},"end":{"line":5,"column":78}},"4":{"start":{"line":5,"column":23},"end":{"line":5,"column":78}},"5":{"start":{"line":7,"column":17},"end":{"line":7,"column":49}},"6":{"start":{"line":8,"column":4},"end":{"line":8,"column":67}},"7":{"start":{"line":8,"column":15},"end":{"line":8,"column":67}},"8":{"start":{"line":10,"column":4},"end":{"line":12,"column":5}},"9":{"start":{"line":11,"column":6},"end":{"line":11,"column":20}},"10":{"start":{"line":14,"column":4},"end":{"line":14,"column":68}},"11":{"start":{"line":16,"column":4},"end":{"line":16,"column":50}},"12":{"start":{"line":17,"column":4},"end":{"line":17,"column":59}}},"fnMap":{"0":{"name":"(anonymous_0)","decl":{"start":{"line":3,"column":17},"end":{"line":3,"column":18}},"loc":{"start":{"line":3,"column":43},"end":{"line":19,"column":1}},"line":3}},"branchMap":{"0":{"loc":{"start":{"line":5,"column":4},"end":{"line":5,"column":78}},"type":"if","locations":[{"start":{"line":5,"column":4},"end":{"line":5,"column":78}},{"start":{},"end":{}}],"line":5},"1":{"loc":{"start":{"line":8,"column":4},"end":{"line":8,"column":67}},"type":"if","locations":[{"start":{"line":8,"column":4},"end":{"line":8,"column":67}},{"start":{},"end":{}}],"line":8},"2":{"loc":{"start":{"line":10,"column":4},"end":{"line":12,"column":5}},"type":"if","locations":[{"start":{"line":10,"column":4},"end":{"line":12,"column":5}},{"start":{},"end":{}}],"line":10},"3":{"loc":{"start":{"line":10,"column":8},"end":{"line":10,"column":81}},"type":"binary-expr","locations":[{"start":{"line":10,"column":8},"end":{"line":10,"column":33}},{"start":{"line":10,"column":38},"end":{"line":10,"column":48}},{"start":{"line":10,"column":52},"end":{"line":10,"column":80}}],"line":10}},"s":{"0":4,"1":4,"2":5,"3":5,"4":0,"5":5,"6":5,"7":0,"8":5,"9":3,"10":2,"11":0,"12":0},"f":{"0":5},"b":{"0":[0,5],"1":[0,5],"2":[3,2],"3":[5,2,2]},"_coverageSchema":"1a1c01bbd47fc00a2c39e90264f33305004495a9","hash":"73cf59feb5d18e8fab34fbd97b8552daecdf83b5"}
,"D:\\UnlistedHub-BlackTheme\\UnlistedHub-Backend\\middleware\\auth.js": {"path":"D:\\UnlistedHub-BlackTheme\\UnlistedHub-Backend\\middleware\\auth.js","statementMap":{"0":{"start":{"line":1,"column":12},"end":{"line":1,"column":35}},"1":{"start":{"line":3,"column":0},"end":{"line":19,"column":2}},"2":{"start":{"line":4,"column":2},"end":{"line":18,"column":3}},"3":{"start":{"line":6,"column":18},"end":{"line":6,"column":69}},"4":{"start":{"line":8,"column":4},"end":{"line":10,"column":5}},"5":{"start":{"line":9,"column":6},"end":{"line":9,"column":79}},"6":{"start":{"line":13,"column":20},"end":{"line":13,"column":61}},"7":{"start":{"line":14,"column":4},"end":{"line":14,"column":23}},"8":{"start":{"line":15,"column":4},"end":{"line":15,"column":11}},"9":{"start":{"line":17,"column":4},"end":{"line":17,"column":58}}},"fnMap":{"0":{"name":"(anonymous_0)","decl":{"start":{"line":3,"column":17},"end":{"line":3,"column":18}},"loc":{"start":{"line":3,"column":37},"end":{"line":19,"column":1}},"line":3}},"branchMap":{"0":{"loc":{"start":{"line":8,"column":4},"end":{"line":10,"column":5}},"type":"if","locations":[{"start":{"line":8,"column":4},"end":{"line":10,"column":5}},{"start":{},"end":{}}],"line":8}},"s":{"0":4,"1":4,"2":38,"3":38,"4":38,"5":0,"6":38,"7":38,"8":38,"9":0},"f":{"0":38},"b":{"0":[0,38]},"_coverageSchema":"1a1c01bbd47fc00a2c39e90264f33305004495a9","hash":"8871b79cb550af49f3ec337a90712c310918fc99"}
,"D:\\UnlistedHub-BlackTheme\\UnlistedHub-Backend\\models\\Listing.js": {"path":"D:\\UnlistedHub-BlackTheme\\UnlistedHub-Backend\\models\\Listing.js","statementMap":{"0":{"start":{"line":1,"column":17},"end":{"line":1,"column":36}},"1":{"start":{"line":3,"column":22},"end":{"line":109,"column":24}},"2":{"start":{"line":111,"column":0},"end":{"line":111,"column":58}}},"fnMap":{},"branchMap":{},"s":{"0":4,"1":4,"2":4},"f":{},"b":{},"_coverageSchema":"1a1c01bbd47fc00a2c39e90264f33305004495a9","hash":"5ac6d98a8593f85ca903c73c78427fb5063a5c4b"}
,"D:\\UnlistedHub-BlackTheme\\UnlistedHub-Backend\\models\\Portfolio.js": {"path":"D:\\UnlistedHub-BlackTheme\\UnlistedHub-Backend\\models\\Portfolio.js","statementMap":{"0":{"start":{"line":1,"column":17},"end":{"line":1,"column":36}},"1":{"start":{"line":3,"column":24},"end":{"line":71,"column":24}},"2":{"start":{"line":73,"column":0},"end":{"line":73,"column":62}}},"fnMap":{},"branchMap":{},"s":{"0":4,"1":4,"2":4},"f":{},"b":{},"_coverageSchema":"1a1c01bbd47fc00a2c39e90264f33305004495a9","hash":"39db8e8860d96210fb1a8c85e26aa714e8cfb9dd"}
,"D:\\UnlistedHub-BlackTheme\\UnlistedHub-Backend\\models\\Trade.js": {"path":"D:\\UnlistedHub-BlackTheme\\UnlistedHub-Backend\\models\\Trade.js","statementMap":{"0":{"start":{"line":1,"column":17},"end":{"line":1,"column":36}},"1":{"start":{"line":3,"column":20},"end":{"line":88,"column":24}},"2":{"start":{"line":91,"column":0},"end":{"line":91,"column":46}},"3":{"start":{"line":92,"column":0},"end":{"line":92,"column":45}},"4":{"start":{"line":93,"column":0},"end":{"line":93,"column":36}},"5":{"start":{"line":95,"column":0},"end":{"line":95,"column":54}}},"fnMap":{},"branchMap":{},"s":{"0":4,"1":4,"2":4,"3":4,"4":4,"5":4},"f":{},"b":{},"_coverageSchema":"1a1c01bbd47fc00a2c39e90264f33305004495a9","hash":"0fcf74caacdffd6ec2e80c8606654bfad8722614"}
,"D:\\UnlistedHub-BlackTheme\\UnlistedHub-Backend\\models\\User.js": {"path":"D:\\UnlistedHub-BlackTheme\\UnlistedHub-Backend\\models\\User.js","statementMap":{"0":{"start":{"line":1,"column":17},"end":{"line":1,"column":36}},"1":{"start":{"line":3,"column":19},"end":{"line":60,"column":24}},"2":{"start":{"line":62,"column":0},"end":{"line":62,"column":52}}},"fnMap":{},"branchMap":{},"s":{"0":4,"1":4,"2":4},"f":{},"b":{},"_coverageSchema":"1a1c01bbd47fc00a2c39e90264f33305004495a9","hash":"8734338f25244fe45fadcaacd07dd21c68119eb2"}
,"D:\\UnlistedHub-BlackTheme\\UnlistedHub-Backend\\routes\\auth.js": {"path":"D:\\UnlistedHub-BlackTheme\\UnlistedHub-Backend\\routes\\auth.js","statementMap":{"0":{"start":{"line":1,"column":16},"end":{"line":1,"column":34}},"1":{"start":{"line":2,"column":15},"end":{"line":2,"column":31}},"2":{"start":{"line":3,"column":15},"end":{"line":3,"column":34}},"3":{"start":{"line":4,"column":12},"end":{"line":4,"column":35}},"4":{"start":{"line":5,"column":13},"end":{"line":5,"column":38}},"5":{"start":{"line":6,"column":37},"end":{"line":6,"column":67}},"6":{"start":{"line":9,"column":23},"end":{"line":12,"column":1}},"7":{"start":{"line":10,"column":16},"end":{"line":10,"column":43}},"8":{"start":{"line":11,"column":2},"end":{"line":11,"column":52}},"9":{"start":{"line":15,"column":30},"end":{"line":43,"column":1}},"10":{"start":{"line":16,"column":19},"end":{"line":28,"column":3}},"11":{"start":{"line":30,"column":19},"end":{"line":37,"column":3}},"12":{"start":{"line":39,"column":23},"end":{"line":39,"column":76}},"13":{"start":{"line":40,"column":23},"end":{"line":40,"column":76}},"14":{"start":{"line":42,"column":2},"end":{"line":42,"column":44}},"15":{"start":{"line":46,"column":0},"end":{"line":112,"column":3}},"16":{"start":{"line":47,"column":2},"end":{"line":111,"column":3}},"17":{"start":{"line":48,"column":56},"end":{"line":48,"column":64}},"18":{"start":{"line":51,"column":25},"end":{"line":51,"column":54}},"19":{"start":{"line":52,"column":4},"end":{"line":54,"column":5}},"20":{"start":{"line":53,"column":6},"end":{"line":53,"column":73}},"21":{"start":{"line":57,"column":27},"end":{"line":57,"column":58}},"22":{"start":{"line":60,"column":19},"end":{"line":60,"column":41}},"23":{"start":{"line":63,"column":19},"end":{"line":63,"column":42}},"24":{"start":{"line":64,"column":25},"end":{"line":64,"column":57}},"25":{"start":{"line":67,"column":4},"end":{"line":70,"column":5}},"26":{"start":{"line":68,"column":6},"end":{"line":68,"column":41}},"27":{"start":{"line":69,"column":6},"end":{"line":69,"column":56}},"28":{"start":{"line":73,"column":17},"end":{"line":82,"column":6}},"29":{"start":{"line":84,"column":4},"end":{"line":84,"column":22}},"30":{"start":{"line":87,"column":18},"end":{"line":91,"column":5}},"31":{"start":{"line":93,"column":4},"end":{"line":107,"column":7}},"32":{"start":{"line":109,"column":4},"end":{"line":109,"column":42}},"33":{"start":{"line":110,"column":4},"end":{"line":110,"column":66}},"34":{"start":{"line":115,"column":0},"end":{"line":157,"column":3}},"35":{"start":{"line":116,"column":2},"end":{"line":156,"column":3}},"36":{"start":{"line":117,"column":32},"end":{"line":117,"column":40}},"37":{"start":{"line":120,"column":17},"end":{"line":120,"column":46}},"38":{"start":{"line":121,"column":4},"end":{"line":123,"column":5}},"39":{"start":{"line":122,"column":6},"end":{"line":122,"column":68}},"40":{"start":{"line":126,"column":20},"end":{"line":126,"column":65}},"41":{"start":{"line":127,"column":4},"end":{"line":129,"column":5}},"42":{"start":{"line":128,"column":6},"end":{"line":128,"column":68}},"43":{"start":{"line":132,"column":18},"end":{"line":136,"column":5}},"44":{"start":{"line":138,"column":4},"end":{"line":152,"column":7}},"45":{"start":{"line":154,"column":4},"end":{"line":154,"column":42}},"46":{"start":{"line":155,"column":4},"end":{"line":155,"column":66}},"47":{"start":{"line":160,"column":0},"end":{"line":185,"column":3}},"48":{"start":{"line":161,"column":2},"end":{"line":184,"column":3}},"49":{"start":{"line":162,"column":22},"end":{"line":162,"column":30}},"50":{"start":{"line":164,"column":17},"end":{"line":164,"column":46}},"51":{"start":{"line":165,"column":4},"end":{"line":167,"column":5}},"52":{"start":{"line":166,"column":6},"end":{"line":166,"column":63}},"53":{"start":{"line":170,"column":16},"end":{"line":170,"column":70}},"54":{"start":{"line":173,"column":4},"end":{"line":173,"column":24}},"55":{"start":{"line":174,"column":4},"end":{"line":174,"column":59}},"56":{"start":{"line":175,"column":4},"end":{"line":175,"column":22}},"57":{"start":{"line":178,"column":4},"end":{"line":178,"column":35}},"58":{"start":{"line":180,"column":4},"end":{"line":180,"column":62}},"59":{"start":{"line":182,"column":4},"end":{"line":182,"column":50}},"60":{"start":{"line":183,"column":4},"end":{"line":183,"column":58}},"61":{"start":{"line":188,"column":0},"end":{"line":218,"column":3}},"62":{"start":{"line":189,"column":2},"end":{"line":217,"column":3}},"63":{"start":{"line":190,"column":27},"end":{"line":190,"column":35}},"64":{"start":{"line":192,"column":17},"end":{"line":192,"column":46}},"65":{"start":{"line":193,"column":4},"end":{"line":195,"column":5}},"66":{"start":{"line":194,"column":6},"end":{"line":194,"column":63}},"67":{"start":{"line":198,"column":4},"end":{"line":200,"column":5}},"68":{"start":{"line":199,"column":6},"end":{"line":199,"column":60}},"69":{"start":{"line":203,"column":4},"end":{"line":205,"column":5}},"70":{"start":{"line":204,"column":6},"end":{"line":204,"column":60}},"71":{"start":{"line":208,"column":4},"end":{"line":208,"column":30}},"72":{"start":{"line":209,"column":4},"end":{"line":209,"column":30}},"73":{"start":{"line":210,"column":4},"end":{"line":210,"column":31}},"74":{"start":{"line":211,"column":4},"end":{"line":211,"column":22}},"75":{"start":{"line":213,"column":4},"end":{"line":213,"column":72}},"76":{"start":{"line":215,"column":4},"end":{"line":215,"column":52}},"77":{"start":{"line":216,"column":4},"end":{"line":216,"column":60}},"78":{"start":{"line":221,"column":0},"end":{"line":246,"column":3}},"79":{"start":{"line":222,"column":2},"end":{"line":245,"column":3}},"80":{"start":{"line":223,"column":23},"end":{"line":223,"column":31}},"81":{"start":{"line":225,"column":17},"end":{"line":225,"column":47}},"82":{"start":{"line":226,"column":4},"end":{"line":228,"column":5}},"83":{"start":{"line":227,"column":6},"end":{"line":227,"column":63}},"84":{"start":{"line":231,"column":16},"end":{"line":231,"column":70}},"85":{"start":{"line":234,"column":4},"end":{"line":234,"column":25}},"86":{"start":{"line":235,"column":4},"end":{"line":235,"column":59}},"87":{"start":{"line":236,"column":4},"end":{"line":236,"column":22}},"88":{"start":{"line":239,"column":4},"end":{"line":239,"column":34}},"89":{"start":{"line":241,"column":4},"end":{"line":241,"column":63}},"90":{"start":{"line":243,"column":4},"end":{"line":243,"column":51}},"91":{"start":{"line":244,"column":4},"end":{"line":244,"column":58}},"92":{"start":{"line":249,"column":0},"end":{"line":279,"column":3}},"93":{"start":{"line":250,"column":2},"end":{"line":278,"column":3}},"94":{"start":{"line":251,"column":28},"end":{"line":251,"column":36}},"95":{"start":{"line":253,"column":17},"end":{"line":253,"column":47}},"96":{"start":{"line":254,"column":4},"end":{"line":256,"column":5}},"97":{"start":{"line":255,"column":6},"end":{"line":255,"column":63}},"98":{"start":{"line":259,"column":4},"end":{"line":261,"column":5}},"99":{"start":{"line":260,"column":6},"end":{"line":260,"column":60}},"100":{"start":{"line":264,"column":4},"end":{"line":266,"column":5}},"101":{"start":{"line":265,"column":6},"end":{"line":265,"column":60}},"102":{"start":{"line":269,"column":4},"end":{"line":269,"column":31}},"103":{"start":{"line":270,"column":4},"end":{"line":270,"column":31}},"104":{"start":{"line":271,"column":4},"end":{"line":271,"column":31}},"105":{"start":{"line":272,"column":4},"end":{"line":272,"column":22}},"106":{"start":{"line":274,"column":4},"end":{"line":274,"column":73}},"107":{"start":{"line":276,"column":4},"end":{"line":276,"column":53}},"108":{"start":{"line":277,"column":4},"end":{"line":277,"column":60}},"109":{"start":{"line":282,"column":0},"end":{"line":308,"column":3}},"110":{"start":{"line":283,"column":2},"end":{"line":307,"column":3}},"111":{"start":{"line":284,"column":30},"end":{"line":284,"column":38}},"112":{"start":{"line":286,"column":4},"end":{"line":288,"column":5}},"113":{"start":{"line":287,"column":6},"end":{"line":287,"column":78}},"114":{"start":{"line":290,"column":17},"end":{"line":290,"column":46}},"115":{"start":{"line":291,"column":4},"end":{"line":293,"column":5}},"116":{"start":{"line":292,"column":6},"end":{"line":292,"column":78}},"117":{"start":{"line":295,"column":16},"end":{"line":295,"column":70}},"118":{"start":{"line":297,"column":4},"end":{"line":297,"column":25}},"119":{"start":{"line":298,"column":4},"end":{"line":298,"column":59}},"120":{"start":{"line":299,"column":4},"end":{"line":299,"column":22}},"121":{"start":{"line":301,"column":4},"end":{"line":301,"column":34}},"122":{"start":{"line":303,"column":4},"end":{"line":303,"column":81}},"123":{"start":{"line":305,"column":4},"end":{"line":305,"column":60}},"124":{"start":{"line":306,"column":4},"end":{"line":306,"column":64}},"125":{"start":{"line":311,"column":0},"end":{"line":343,"column":3}},"126":{"start":{"line":312,"column":2},"end":{"line":342,"column":3}},"127":{"start":{"line":313,"column":48},"end":{"line":313,"column":56}},"128":{"start":{"line":315,"column":4},"end":{"line":317,"column":5}},"129":{"start":{"line":316,"column":6},"end":{"line":316,"column":98}},"130":{"start":{"line":319,"column":17},"end":{"line":319,"column":46}},"131":{"start":{"line":320,"column":4},"end":{"line":322,"column":5}},"132":{"start":{"line":321,"column":6},"end":{"line":321,"column":78}},"133":{"start":{"line":324,"column":4},"end":{"line":326,"column":5}},"134":{"start":{"line":325,"column":6},"end":{"line":325,"column":60}},"135":{"start":{"line":328,"column":4},"end":{"line":330,"column":5}},"136":{"start":{"line":329,"column":6},"end":{"line":329,"column":60}},"137":{"start":{"line":332,"column":27},"end":{"line":332,"column":61}},"138":{"start":{"line":333,"column":4},"end":{"line":333,"column":35}},"139":{"start":{"line":334,"column":4},"end":{"line":334,"column":31}},"140":{"start":{"line":335,"column":4},"end":{"line":335,"column":31}},"141":{"start":{"line":336,"column":4},"end":{"line":336,"column":22}},"142":{"start":{"line":338,"column":4},"end":{"line":338,"column":70}},"143":{"start":{"line":340,"column":4},"end":{"line":340,"column":57}},"144":{"start":{"line":341,"column":4},"end":{"line":341,"column":64}},"145":{"start":{"line":345,"column":0},"end":{"line":345,"column":24}}},"fnMap":{"0":{"name":"(anonymous_0)","decl":{"start":{"line":9,"column":23},"end":{"line":9,"column":24}},"loc":{"start":{"line":9,"column":35},"end":{"line":12,"column":1}},"line":9},"1":{"name":"(anonymous_1)","decl":{"start":{"line":15,"column":30},"end":{"line":15,"column":31}},"loc":{"start":{"line":15,"column":36},"end":{"line":43,"column":1}},"line":15},"2":{"name":"(anonymous_2)","decl":{"start":{"line":46,"column":23},"end":{"line":46,"column":24}},"loc":{"start":{"line":46,"column":43},"end":{"line":112,"column":1}},"line":46},"3":{"name":"(anonymous_3)","decl":{"start":{"line":115,"column":23},"end":{"line":115,"column":24}},"loc":{"start":{"line":115,"column":43},"end":{"line":157,"column":1}},"line":115},"4":{"name":"(anonymous_4)","decl":{"start":{"line":160,"column":31},"end":{"line":160,"column":32}},"loc":{"start":{"line":160,"column":51},"end":{"line":185,"column":1}},"line":160},"5":{"name":"(anonymous_5)","decl":{"start":{"line":188,"column":33},"end":{"line":188,"column":34}},"loc":{"start":{"line":188,"column":53},"end":{"line":218,"column":1}},"line":188},"6":{"name":"(anonymous_6)","decl":{"start":{"line":221,"column":32},"end":{"line":221,"column":33}},"loc":{"start":{"line":221,"column":52},"end":{"line":246,"column":1}},"line":221},"7":{"name":"(anonymous_7)","decl":{"start":{"line":249,"column":34},"end":{"line":249,"column":35}},"loc":{"start":{"line":249,"column":54},"end":{"line":279,"column":1}},"line":249},"8":{"name":"(anonymous_8)","decl":{"start":{"line":282,"column":41},"end":{"line":282,"column":42}},"loc":{"start":{"line":282,"column":61},"end":{"line":308,"column":1}},"line":282},"9":{"name":"(anonymous_9)","decl":{"start":{"line":311,"column":38},"end":{"line":311,"column":39}},"loc":{"start":{"line":311,"column":58},"end":{"line":343,"column":1}},"line":311}},"branchMap":{"0":{"loc":{"start":{"line":52,"column":4},"end":{"line":54,"column":5}},"type":"if","locations":[{"start":{"line":52,"column":4},"end":{"line":54,"column":5}},{"start":{},"end":{}}],"line":52},"1":{"loc":{"start":{"line":80,"column":16},"end":{"line":80,"column":40}},"type":"binary-expr","locations":[{"start":{"line":80,"column":16},"end":{"line":80,"column":24}},{"start":{"line":80,"column":28},"end":{"line":80,"column":40}}],"line":80},"2":{"loc":{"start":{"line":81,"column":13},"end":{"line":81,"column":86}},"type":"cond-expr","locations":[{"start":{"line":81,"column":36},"end":{"line":81,"column":64}},{"start":{"line":81,"column":67},"end":{"line":81,"column":86}}],"line":81},"3":{"loc":{"start":{"line":121,"column":4},"end":{"line":123,"column":5}},"type":"if","locations":[{"start":{"line":121,"column":4},"end":{"line":123,"column":5}},{"start":{},"end":{}}],"line":121},"4":{"loc":{"start":{"line":127,"column":4},"end":{"line":129,"column":5}},"type":"if","locations":[{"start":{"line":127,"column":4},"end":{"line":129,"column":5}},{"start":{},"end":{}}],"line":127},"5":{"loc":{"start":{"line":165,"column":4},"end":{"line":167,"column":5}},"type":"if","locations":[{"start":{"line":165,"column":4},"end":{"line":167,"column":5}},{"start":{},"end":{}}],"line":165},"6":{"loc":{"start":{"line":193,"column":4},"end":{"line":195,"column":5}},"type":"if","locations":[{"start":{"line":193,"column":4},"end":{"line":195,"column":5}},{"start":{},"end":{}}],"line":193},"7":{"loc":{"start":{"line":198,"column":4},"end":{"line":200,"column":5}},"type":"if","locations":[{"start":{"line":198,"column":4},"end":{"line":200,"column":5}},{"start":{},"end":{}}],"line":198},"8":{"loc":{"start":{"line":203,"column":4},"end":{"line":205,"column":5}},"type":"if","locations":[{"start":{"line":203,"column":4},"end":{"line":205,"column":5}},{"start":{},"end":{}}],"line":203},"9":{"loc":{"start":{"line":226,"column":4},"end":{"line":228,"column":5}},"type":"if","locations":[{"start":{"line":226,"column":4},"end":{"line":228,"column":5}},{"start":{},"end":{}}],"line":226},"10":{"loc":{"start":{"line":254,"column":4},"end":{"line":256,"column":5}},"type":"if","locations":[{"start":{"line":254,"column":4},"end":{"line":256,"column":5}},{"start":{},"end":{}}],"line":254},"11":{"loc":{"start":{"line":259,"column":4},"end":{"line":261,"column":5}},"type":"if","locations":[{"start":{"line":259,"column":4},"end":{"line":261,"column":5}},{"start":{},"end":{}}],"line":259},"12":{"loc":{"start":{"line":264,"column":4},"end":{"line":266,"column":5}},"type":"if","locations":[{"start":{"line":264,"column":4},"end":{"line":266,"column":5}},{"start":{},"end":{}}],"line":264},"13":{"loc":{"start":{"line":286,"column":4},"end":{"line":288,"column":5}},"type":"if","locations":[{"start":{"line":286,"column":4},"end":{"line":288,"column":5}},{"start":{},"end":{}}],"line":286},"14":{"loc":{"start":{"line":286,"column":8},"end":{"line":286,"column":25}},"type":"binary-expr","locations":[{"start":{"line":286,"column":8},"end":{"line":286,"column":14}},{"start":{"line":286,"column":18},"end":{"line":286,"column":25}}],"line":286},"15":{"loc":{"start":{"line":291,"column":4},"end":{"line":293,"column":5}},"type":"if","locations":[{"start":{"line":291,"column":4},"end":{"line":293,"column":5}},{"start":{},"end":{}}],"line":291},"16":{"loc":{"start":{"line":291,"column":8},"end":{"line":291,"column":39}},"type":"binary-expr","locations":[{"start":{"line":291,"column":8},"end":{"line":291,"column":13}},{"start":{"line":291,"column":17},"end":{"line":291,"column":39}}],"line":291},"17":{"loc":{"start":{"line":315,"column":4},"end":{"line":317,"column":5}},"type":"if","locations":[{"start":{"line":315,"column":4},"end":{"line":317,"column":5}},{"start":{},"end":{}}],"line":315},"18":{"loc":{"start":{"line":315,"column":8},"end":{"line":315,"column":49}},"type":"binary-expr","locations":[{"start":{"line":315,"column":8},"end":{"line":315,"column":14}},{"start":{"line":315,"column":18},"end":{"line":315,"column":25}},{"start":{"line":315,"column":29},"end":{"line":315,"column":33}},{"start":{"line":315,"column":37},"end":{"line":315,"column":49}}],"line":315},"19":{"loc":{"start":{"line":320,"column":4},"end":{"line":322,"column":5}},"type":"if","locations":[{"start":{"line":320,"column":4},"end":{"line":322,"column":5}},{"start":{},"end":{}}],"line":320},"20":{"loc":{"start":{"line":320,"column":8},"end":{"line":320,"column":39}},"type":"binary-expr","locations":[{"start":{"line":320,"column":8},"end":{"line":320,"column":13}},{"start":{"line":320,"column":17},"end":{"line":320,"column":39}}],"line":320},"21":{"loc":{"start":{"line":324,"column":4},"end":{"line":326,"column":5}},"type":"if","locations":[{"start":{"line":324,"column":4},"end":{"line":326,"column":5}},{"start":{},"end":{}}],"line":324},"22":{"loc":{"start":{"line":324,"column":8},"end":{"line":324,"column":49}},"type":"binary-expr","locations":[{"start":{"line":324,"column":8},"end":{"line":324,"column":23}},{"start":{"line":324,"column":27},"end":{"line":324,"column":49}}],"line":324},"23":{"loc":{"start":{"line":328,"column":4},"end":{"line":330,"column":5}},"type":"if","locations":[{"start":{"line":328,"column":4},"end":{"line":330,"column":5}},{"start":{},"end":{}}],"line":328}},"s":{"0":4,"1":4,"2":4,"3":4,"4":4,"5":4,"6":4,"7":9,"8":9,"9":4,"10":9,"11":9,"12":9,"13":9,"14":9,"15":4,"16":9,"17":9,"18":9,"19":9,"20":0,"21":9,"22":9,"23":9,"24":9,"25":9,"26":0,"27":0,"28":9,"29":9,"30":9,"31":9,"32":0,"33":0,"34":4,"35":0,"36":0,"37":0,"38":0,"39":0,"40":0,"41":0,"42":0,"43":0,"44":0,"45":0,"46":0,"47":4,"48":0,"49":0,"50":0,"51":0,"52":0,"53":0,"54":0,"55":0,"56":0,"57":0,"58":0,"59":0,"60":0,"61":4,"62":0,"63":0,"64":0,"65":0,"66":0,"67":0,"68":0,"69":0,"70":0,"71":0,"72":0,"73":0,"74":0,"75":0,"76":0,"77":0,"78":4,"79":0,"80":0,"81":0,"82":0,"83":0,"84":0,"85":0,"86":0,"87":0,"88":0,"89":0,"90":0,"91":0,"92":4,"93":0,"94":0,"95":0,"96":0,"97":0,"98":0,"99":0,"100":0,"101":0,"102":0,"103":0,"104":0,"105":0,"106":0,"107":0,"108":0,"109":4,"110":0,"111":0,"112":0,"113":0,"114":0,"115":0,"116":0,"117":0,"118":0,"119":0,"120":0,"121":0,"122":0,"123":0,"124":0,"125":4,"126":0,"127":0,"128":0,"129":0,"130":0,"131":0,"132":0,"133":0,"134":0,"135":0,"136":0,"137":0,"138":0,"139":0,"140":0,"141":0,"142":0,"143":0,"144":0,"145":4},"f":{"0":9,"1":9,"2":9,"3":0,"4":0,"5":0,"6":0,"7":0,"8":0,"9":0},"b":{"0":[0,9],"1":[9,0],"2":[2,7],"3":[0,0],"4":[0,0],"5":[0,0],"6":[0,0],"7":[0,0],"8":[0,0],"9":[0,0],"10":[0,0],"11":[0,0],"12":[0,0],"13":[0,0],"14":[0,0],"15":[0,0],"16":[0,0],"17":[0,0],"18":[0,0,0,0],"19":[0,0],"20":[0,0],"21":[0,0],"22":[0,0],"23":[0,0]},"_coverageSchema":"1a1c01bbd47fc00a2c39e90264f33305004495a9","hash":"69f21b0e66ff1fd99c00784b9d0c67e7fa585a33"}
,"D:\\UnlistedHub-BlackTheme\\UnlistedHub-Backend\\routes\\bids.js": {"path":"D:\\UnlistedHub-BlackTheme\\UnlistedHub-Backend\\routes\\bids.js","statementMap":{"0":{"start":{"line":1,"column":16},"end":{"line":1,"column":34}},"1":{"start":{"line":2,"column":15},"end":{"line":2,"column":31}},"2":{"start":{"line":5,"column":0},"end":{"line":7,"column":3}},"3":{"start":{"line":6,"column":2},"end":{"line":6,"column":39}},"4":{"start":{"line":9,"column":0},"end":{"line":9,"column":24}}},"fnMap":{"0":{"name":"(anonymous_0)","decl":{"start":{"line":5,"column":16},"end":{"line":5,"column":17}},"loc":{"start":{"line":5,"column":36},"end":{"line":7,"column":1}},"line":5}},"branchMap":{},"s":{"0":4,"1":4,"2":4,"3":0,"4":4},"f":{"0":0},"b":{},"_coverageSchema":"1a1c01bbd47fc00a2c39e90264f33305004495a9","hash":"ecaf66f74ec9d8efbf00c867ffbd02a57bc1c872"}
,"D:\\UnlistedHub-BlackTheme\\UnlistedHub-Backend\\routes\\companies.js": {"path":"D:\\UnlistedHub-BlackTheme\\UnlistedHub-Backend\\routes\\companies.js","statementMap":{"0":{"start":{"line":1,"column":16},"end":{"line":1,"column":34}},"1":{"start":{"line":2,"column":15},"end":{"line":2,"column":31}},"2":{"start":{"line":5,"column":0},"end":{"line":7,"column":3}},"3":{"start":{"line":6,"column":2},"end":{"line":6,"column":44}},"4":{"start":{"line":9,"column":0},"end":{"line":9,"column":24}}},"fnMap":{"0":{"name":"(anonymous_0)","decl":{"start":{"line":5,"column":16},"end":{"line":5,"column":17}},"loc":{"start":{"line":5,"column":36},"end":{"line":7,"column":1}},"line":5}},"branchMap":{},"s":{"0":4,"1":4,"2":4,"3":0,"4":4},"f":{"0":0},"b":{},"_coverageSchema":"1a1c01bbd47fc00a2c39e90264f33305004495a9","hash":"c3d38473e82046f66196676ba33971f7e1a6820f"}
,"D:\\UnlistedHub-BlackTheme\\UnlistedHub-Backend\\routes\\listings.js": {"path":"D:\\UnlistedHub-BlackTheme\\UnlistedHub-Backend\\routes\\listings.js","statementMap":{"0":{"start":{"line":1,"column":16},"end":{"line":1,"column":34}},"1":{"start":{"line":2,"column":15},"end":{"line":2,"column":31}},"2":{"start":{"line":3,"column":16},"end":{"line":3,"column":44}},"3":{"start":{"line":4,"column":23},"end":{"line":4,"column":52}},"4":{"start":{"line":7,"column":0},"end":{"line":17,"column":3}},"5":{"start":{"line":8,"column":2},"end":{"line":16,"column":3}},"6":{"start":{"line":9,"column":21},"end":{"line":12,"column":61}},"7":{"start":{"line":13,"column":4},"end":{"line":13,"column":23}},"8":{"start":{"line":15,"column":4},"end":{"line":15,"column":52}},"9":{"start":{"line":20,"column":0},"end":{"line":51,"column":3}},"10":{"start":{"line":21,"column":2},"end":{"line":50,"column":3}},"11":{"start":{"line":22,"column":45},"end":{"line":22,"column":53}},"12":{"start":{"line":24,"column":22},"end":{"line":24,"column":35}},"13":{"start":{"line":25,"column":23},"end":{"line":25,"column":60}},"14":{"start":{"line":26,"column":4},"end":{"line":28,"column":5}},"15":{"start":{"line":27,"column":6},"end":{"line":27,"column":45}},"16":{"start":{"line":30,"column":20},"end":{"line":39,"column":6}},"17":{"start":{"line":41,"column":4},"end":{"line":41,"column":25}},"18":{"start":{"line":44,"column":4},"end":{"line":44,"column":67}},"19":{"start":{"line":46,"column":4},"end":{"line":46,"column":53}},"20":{"start":{"line":48,"column":4},"end":{"line":48,"column":50}},"21":{"start":{"line":49,"column":4},"end":{"line":49,"column":64}},"22":{"start":{"line":54,"column":0},"end":{"line":77,"column":3}},"23":{"start":{"line":55,"column":2},"end":{"line":76,"column":3}},"24":{"start":{"line":56,"column":45},"end":{"line":56,"column":53}},"25":{"start":{"line":58,"column":20},"end":{"line":65,"column":6}},"26":{"start":{"line":67,"column":4},"end":{"line":67,"column":25}},"27":{"start":{"line":70,"column":4},"end":{"line":70,"column":67}},"28":{"start":{"line":72,"column":4},"end":{"line":72,"column":53}},"29":{"start":{"line":74,"column":4},"end":{"line":74,"column":54}},"30":{"start":{"line":75,"column":4},"end":{"line":75,"column":68}},"31":{"start":{"line":80,"column":0},"end":{"line":109,"column":3}},"32":{"start":{"line":81,"column":2},"end":{"line":108,"column":3}},"33":{"start":{"line":82,"column":32},"end":{"line":82,"column":40}},"34":{"start":{"line":84,"column":20},"end":{"line":84,"column":57}},"35":{"start":{"line":85,"column":4},"end":{"line":87,"column":5}},"36":{"start":{"line":86,"column":6},"end":{"line":86,"column":66}},"37":{"start":{"line":90,"column":31},"end":{"line":90,"column":72}},"38":{"start":{"line":91,"column":25},"end":{"line":91,"column":38}},"39":{"start":{"line":92,"column":26},"end":{"line":92,"column":66}},"40":{"start":{"line":93,"column":4},"end":{"line":95,"column":5}},"41":{"start":{"line":94,"column":6},"end":{"line":94,"column":51}},"42":{"start":{"line":96,"column":4},"end":{"line":102,"column":7}},"43":{"start":{"line":104,"column":4},"end":{"line":104,"column":25}},"44":{"start":{"line":105,"column":4},"end":{"line":105,"column":41}},"45":{"start":{"line":107,"column":4},"end":{"line":107,"column":59}},"46":{"start":{"line":112,"column":0},"end":{"line":152,"column":3}},"47":{"start":{"line":113,"column":2},"end":{"line":151,"column":3}},"48":{"start":{"line":114,"column":39},"end":{"line":114,"column":47}},"49":{"start":{"line":115,"column":22},"end":{"line":115,"column":35}},"50":{"start":{"line":116,"column":18},"end":{"line":116,"column":34}},"51":{"start":{"line":118,"column":20},"end":{"line":118,"column":80}},"52":{"start":{"line":119,"column":4},"end":{"line":119,"column":85}},"53":{"start":{"line":119,"column":18},"end":{"line":119,"column":85}},"54":{"start":{"line":122,"column":4},"end":{"line":122,"column":106}},"55":{"start":{"line":122,"column":51},"end":{"line":122,"column":106}},"56":{"start":{"line":125,"column":20},"end":{"line":145,"column":5}},"57":{"start":{"line":130,"column":64},"end":{"line":130,"column":78}},"58":{"start":{"line":147,"column":4},"end":{"line":147,"column":57}},"59":{"start":{"line":149,"column":4},"end":{"line":149,"column":47}},"60":{"start":{"line":150,"column":4},"end":{"line":150,"column":74}},"61":{"start":{"line":155,"column":0},"end":{"line":193,"column":3}},"62":{"start":{"line":156,"column":2},"end":{"line":192,"column":3}},"63":{"start":{"line":157,"column":39},"end":{"line":157,"column":47}},"64":{"start":{"line":158,"column":22},"end":{"line":158,"column":35}},"65":{"start":{"line":159,"column":18},"end":{"line":159,"column":34}},"66":{"start":{"line":161,"column":20},"end":{"line":161,"column":80}},"67":{"start":{"line":162,"column":4},"end":{"line":162,"column":85}},"68":{"start":{"line":162,"column":18},"end":{"line":162,"column":85}},"69":{"start":{"line":164,"column":16},"end":{"line":164,"column":87}},"70":{"start":{"line":164,"column":39},"end":{"line":164,"column":86}},"71":{"start":{"line":166,"column":4},"end":{"line":166,"column":102}},"72":{"start":{"line":166,"column":47},"end":{"line":166,"column":102}},"73":{"start":{"line":168,"column":20},"end":{"line":186,"column":5}},"74":{"start":{"line":188,"column":4},"end":{"line":188,"column":57}},"75":{"start":{"line":190,"column":4},"end":{"line":190,"column":49}},"76":{"start":{"line":191,"column":4},"end":{"line":191,"column":77}},"77":{"start":{"line":196,"column":0},"end":{"line":264,"column":3}},"78":{"start":{"line":197,"column":2},"end":{"line":263,"column":3}},"79":{"start":{"line":198,"column":22},"end":{"line":198,"column":30}},"80":{"start":{"line":199,"column":22},"end":{"line":199,"column":35}},"81":{"start":{"line":200,"column":18},"end":{"line":200,"column":34}},"82":{"start":{"line":202,"column":20},"end":{"line":202,"column":80}},"83":{"start":{"line":203,"column":4},"end":{"line":203,"column":85}},"84":{"start":{"line":203,"column":18},"end":{"line":203,"column":85}},"85":{"start":{"line":205,"column":16},"end":{"line":205,"column":87}},"86":{"start":{"line":205,"column":39},"end":{"line":205,"column":86}},"87":{"start":{"line":206,"column":21},"end":{"line":206,"column":62}},"88":{"start":{"line":207,"column":20},"end":{"line":207,"column":57}},"89":{"start":{"line":208,"column":4},"end":{"line":208,"column":87}},"90":{"start":{"line":208,"column":32},"end":{"line":208,"column":87}},"91":{"start":{"line":210,"column":19},"end":{"line":210,"column":21}},"92":{"start":{"line":211,"column":4},"end":{"line":211,"column":79}},"93":{"start":{"line":211,"column":40},"end":{"line":211,"column":79}},"94":{"start":{"line":212,"column":4},"end":{"line":212,"column":76}},"95":{"start":{"line":212,"column":38},"end":{"line":212,"column":76}},"96":{"start":{"line":214,"column":4},"end":{"line":214,"column":114}},"97":{"start":{"line":214,"column":42},"end":{"line":214,"column":114}},"98":{"start":{"line":216,"column":20},"end":{"line":220,"column":5}},"99":{"start":{"line":223,"column":25},"end":{"line":223,"column":96}},"100":{"start":{"line":223,"column":48},"end":{"line":223,"column":95}},"101":{"start":{"line":224,"column":4},"end":{"line":256,"column":5}},"102":{"start":{"line":226,"column":20},"end":{"line":226,"column":46}},"103":{"start":{"line":227,"column":24},"end":{"line":227,"column":79}},"104":{"start":{"line":228,"column":23},"end":{"line":228,"column":60}},"105":{"start":{"line":229,"column":6},"end":{"line":229,"column":62}},"106":{"start":{"line":229,"column":27},"end":{"line":229,"column":62}},"107":{"start":{"line":230,"column":18},"end":{"line":230,"column":61}},"108":{"start":{"line":231,"column":26},"end":{"line":231,"column":45}},"109":{"start":{"line":232,"column":20},"end":{"line":247,"column":8}},"110":{"start":{"line":248,"column":6},"end":{"line":248,"column":25}},"111":{"start":{"line":251,"column":6},"end":{"line":251,"column":34}},"112":{"start":{"line":252,"column":6},"end":{"line":252,"column":41}},"113":{"start":{"line":253,"column":6},"end":{"line":253,"column":34}},"114":{"start":{"line":254,"column":6},"end":{"line":254,"column":27}},"115":{"start":{"line":255,"column":6},"end":{"line":255,"column":66}},"116":{"start":{"line":258,"column":4},"end":{"line":258,"column":50}},"117":{"start":{"line":261,"column":4},"end":{"line":261,"column":44}},"118":{"start":{"line":262,"column":4},"end":{"line":262,"column":67}},"119":{"start":{"line":267,"column":0},"end":{"line":282,"column":3}},"120":{"start":{"line":268,"column":2},"end":{"line":281,"column":3}},"121":{"start":{"line":269,"column":20},"end":{"line":269,"column":57}},"122":{"start":{"line":270,"column":4},"end":{"line":270,"column":78}},"123":{"start":{"line":270,"column":18},"end":{"line":270,"column":78}},"124":{"start":{"line":272,"column":4},"end":{"line":272,"column":106}},"125":{"start":{"line":272,"column":51},"end":{"line":272,"column":106}},"126":{"start":{"line":274,"column":4},"end":{"line":274,"column":27}},"127":{"start":{"line":275,"column":4},"end":{"line":275,"column":70}},"128":{"start":{"line":276,"column":4},"end":{"line":276,"column":25}},"129":{"start":{"line":277,"column":4},"end":{"line":277,"column":41}},"130":{"start":{"line":279,"column":4},"end":{"line":279,"column":49}},"131":{"start":{"line":280,"column":4},"end":{"line":280,"column":63}},"132":{"start":{"line":285,"column":0},"end":{"line":309,"column":3}},"133":{"start":{"line":286,"column":2},"end":{"line":308,"column":3}},"134":{"start":{"line":287,"column":54},"end":{"line":287,"column":62}},"135":{"start":{"line":288,"column":20},"end":{"line":288,"column":57}},"136":{"start":{"line":289,"column":4},"end":{"line":289,"column":78}},"137":{"start":{"line":289,"column":18},"end":{"line":289,"column":78}},"138":{"start":{"line":290,"column":4},"end":{"line":290,"column":106}},"139":{"start":{"line":290,"column":51},"end":{"line":290,"column":106}},"140":{"start":{"line":294,"column":4},"end":{"line":296,"column":5}},"141":{"start":{"line":295,"column":6},"end":{"line":295,"column":113}},"142":{"start":{"line":299,"column":18},"end":{"line":299,"column":39}},"143":{"start":{"line":300,"column":4},"end":{"line":300,"column":27}},"144":{"start":{"line":301,"column":4},"end":{"line":301,"column":70}},"145":{"start":{"line":302,"column":4},"end":{"line":302,"column":112}},"146":{"start":{"line":303,"column":4},"end":{"line":303,"column":25}},"147":{"start":{"line":304,"column":4},"end":{"line":304,"column":48}},"148":{"start":{"line":306,"column":4},"end":{"line":306,"column":43}},"149":{"start":{"line":307,"column":4},"end":{"line":307,"column":78}},"150":{"start":{"line":312,"column":0},"end":{"line":326,"column":3}},"151":{"start":{"line":313,"column":2},"end":{"line":325,"column":3}},"152":{"start":{"line":314,"column":20},"end":{"line":314,"column":57}},"153":{"start":{"line":315,"column":4},"end":{"line":315,"column":78}},"154":{"start":{"line":315,"column":18},"end":{"line":315,"column":78}},"155":{"start":{"line":316,"column":4},"end":{"line":316,"column":106}},"156":{"start":{"line":316,"column":51},"end":{"line":316,"column":106}},"157":{"start":{"line":318,"column":4},"end":{"line":318,"column":30}},"158":{"start":{"line":319,"column":4},"end":{"line":319,"column":34}},"159":{"start":{"line":320,"column":4},"end":{"line":320,"column":25}},"160":{"start":{"line":321,"column":4},"end":{"line":321,"column":41}},"161":{"start":{"line":323,"column":4},"end":{"line":323,"column":45}},"162":{"start":{"line":324,"column":4},"end":{"line":324,"column":62}},"163":{"start":{"line":329,"column":0},"end":{"line":378,"column":3}},"164":{"start":{"line":330,"column":2},"end":{"line":377,"column":3}},"165":{"start":{"line":331,"column":48},"end":{"line":331,"column":56}},"166":{"start":{"line":332,"column":18},"end":{"line":332,"column":44}},"167":{"start":{"line":334,"column":20},"end":{"line":334,"column":57}},"168":{"start":{"line":335,"column":4},"end":{"line":337,"column":5}},"169":{"start":{"line":336,"column":6},"end":{"line":336,"column":66}},"170":{"start":{"line":341,"column":22},"end":{"line":341,"column":35}},"171":{"start":{"line":342,"column":21},"end":{"line":342,"column":58}},"172":{"start":{"line":343,"column":4},"end":{"line":343,"column":60}},"173":{"start":{"line":343,"column":25},"end":{"line":343,"column":60}},"174":{"start":{"line":344,"column":16},"end":{"line":344,"column":59}},"175":{"start":{"line":346,"column":24},"end":{"line":346,"column":43}},"176":{"start":{"line":348,"column":18},"end":{"line":363,"column":6}},"177":{"start":{"line":365,"column":4},"end":{"line":365,"column":23}},"178":{"start":{"line":368,"column":4},"end":{"line":368,"column":32}},"179":{"start":{"line":369,"column":4},"end":{"line":369,"column":39}},"180":{"start":{"line":370,"column":4},"end":{"line":370,"column":32}},"181":{"start":{"line":371,"column":4},"end":{"line":371,"column":25}},"182":{"start":{"line":373,"column":4},"end":{"line":373,"column":48}},"183":{"start":{"line":375,"column":4},"end":{"line":375,"column":48}},"184":{"start":{"line":376,"column":4},"end":{"line":376,"column":62}},"185":{"start":{"line":380,"column":0},"end":{"line":380,"column":24}}},"fnMap":{"0":{"name":"(anonymous_0)","decl":{"start":{"line":7,"column":16},"end":{"line":7,"column":17}},"loc":{"start":{"line":7,"column":36},"end":{"line":17,"column":1}},"line":7},"1":{"name":"(anonymous_1)","decl":{"start":{"line":20,"column":37},"end":{"line":20,"column":38}},"loc":{"start":{"line":20,"column":57},"end":{"line":51,"column":1}},"line":20},"2":{"name":"(anonymous_2)","decl":{"start":{"line":54,"column":36},"end":{"line":54,"column":37}},"loc":{"start":{"line":54,"column":56},"end":{"line":77,"column":1}},"line":54},"3":{"name":"(anonymous_3)","decl":{"start":{"line":80,"column":40},"end":{"line":80,"column":41}},"loc":{"start":{"line":80,"column":60},"end":{"line":109,"column":1}},"line":80},"4":{"name":"(anonymous_4)","decl":{"start":{"line":112,"column":55},"end":{"line":112,"column":56}},"loc":{"start":{"line":112,"column":75},"end":{"line":152,"column":1}},"line":112},"5":{"name":"(anonymous_5)","decl":{"start":{"line":130,"column":59},"end":{"line":130,"column":60}},"loc":{"start":{"line":130,"column":64},"end":{"line":130,"column":78}},"line":130},"6":{"name":"(anonymous_6)","decl":{"start":{"line":155,"column":63},"end":{"line":155,"column":64}},"loc":{"start":{"line":155,"column":83},"end":{"line":193,"column":1}},"line":155},"7":{"name":"(anonymous_7)","decl":{"start":{"line":164,"column":34},"end":{"line":164,"column":35}},"loc":{"start":{"line":164,"column":39},"end":{"line":164,"column":86}},"line":164},"8":{"name":"(anonymous_8)","decl":{"start":{"line":196,"column":54},"end":{"line":196,"column":55}},"loc":{"start":{"line":196,"column":74},"end":{"line":264,"column":1}},"line":196},"9":{"name":"(anonymous_9)","decl":{"start":{"line":205,"column":34},"end":{"line":205,"column":35}},"loc":{"start":{"line":205,"column":39},"end":{"line":205,"column":86}},"line":205},"10":{"name":"(anonymous_10)","decl":{"start":{"line":223,"column":43},"end":{"line":223,"column":44}},"loc":{"start":{"line":223,"column":48},"end":{"line":223,"column":95}},"line":223},"11":{"name":"(anonymous_11)","decl":{"start":{"line":267,"column":42},"end":{"line":267,"column":43}},"loc":{"start":{"line":267,"column":62},"end":{"line":282,"column":1}},"line":267},"12":{"name":"(anonymous_12)","decl":{"start":{"line":285,"column":46},"end":{"line":285,"column":47}},"loc":{"start":{"line":285,"column":66},"end":{"line":309,"column":1}},"line":285},"13":{"name":"(anonymous_13)","decl":{"start":{"line":312,"column":46},"end":{"line":312,"column":47}},"loc":{"start":{"line":312,"column":66},"end":{"line":326,"column":1}},"line":312},"14":{"name":"(anonymous_14)","decl":{"start":{"line":329,"column":49},"end":{"line":329,"column":50}},"loc":{"start":{"line":329,"column":69},"end":{"line":378,"column":1}},"line":329}},"branchMap":{"0":{"loc":{"start":{"line":26,"column":4},"end":{"line":28,"column":5}},"type":"if","locations":[{"start":{"line":26,"column":4},"end":{"line":28,"column":5}},{"start":{},"end":{}}],"line":26},"1":{"loc":{"start":{"line":85,"column":4},"end":{"line":87,"column":5}},"type":"if","locations":[{"start":{"line":85,"column":4},"end":{"line":87,"column":5}},{"start":{},"end":{}}],"line":85},"2":{"loc":{"start":{"line":90,"column":31},"end":{"line":90,"column":72}},"type":"binary-expr","locations":[{"start":{"line":90,"column":31},"end":{"line":90,"column":50}},{"start":{"line":90,"column":54},"end":{"line":90,"column":67}},{"start":{"line":90,"column":71},"end":{"line":90,"column":72}}],"line":90},"3":{"loc":{"start":{"line":93,"column":4},"end":{"line":95,"column":5}},"type":"if","locations":[{"start":{"line":93,"column":4},"end":{"line":95,"column":5}},{"start":{},"end":{}}],"line":93},"4":{"loc":{"start":{"line":119,"column":4},"end":{"line":119,"column":85}},"type":"if","locations":[{"start":{"line":119,"column":4},"end":{"line":119,"column":85}},{"start":{},"end":{}}],"line":119},"5":{"loc":{"start":{"line":122,"column":4},"end":{"line":122,"column":106}},"type":"if","locations":[{"start":{"line":122,"column":4},"end":{"line":122,"column":106}},{"start":{},"end":{}}],"line":122},"6":{"loc":{"start":{"line":130,"column":29},"end":{"line":130,"column":88}},"type":"binary-expr","locations":[{"start":{"line":130,"column":29},"end":{"line":130,"column":37}},{"start":{"line":130,"column":41},"end":{"line":130,"column":88}}],"line":130},"7":{"loc":{"start":{"line":162,"column":4},"end":{"line":162,"column":85}},"type":"if","locations":[{"start":{"line":162,"column":4},"end":{"line":162,"column":85}},{"start":{},"end":{}}],"line":162},"8":{"loc":{"start":{"line":164,"column":40},"end":{"line":164,"column":53}},"type":"binary-expr","locations":[{"start":{"line":164,"column":40},"end":{"line":164,"column":45}},{"start":{"line":164,"column":49},"end":{"line":164,"column":53}}],"line":164},"9":{"loc":{"start":{"line":166,"column":4},"end":{"line":166,"column":102}},"type":"if","locations":[{"start":{"line":166,"column":4},"end":{"line":166,"column":102}},{"start":{},"end":{}}],"line":166},"10":{"loc":{"start":{"line":173,"column":29},"end":{"line":173,"column":53}},"type":"binary-expr","locations":[{"start":{"line":173,"column":29},"end":{"line":173,"column":37}},{"start":{"line":173,"column":41},"end":{"line":173,"column":53}}],"line":173},"11":{"loc":{"start":{"line":203,"column":4},"end":{"line":203,"column":85}},"type":"if","locations":[{"start":{"line":203,"column":4},"end":{"line":203,"column":85}},{"start":{},"end":{}}],"line":203},"12":{"loc":{"start":{"line":205,"column":40},"end":{"line":205,"column":53}},"type":"binary-expr","locations":[{"start":{"line":205,"column":40},"end":{"line":205,"column":45}},{"start":{"line":205,"column":49},"end":{"line":205,"column":53}}],"line":205},"13":{"loc":{"start":{"line":208,"column":4},"end":{"line":208,"column":87}},"type":"if","locations":[{"start":{"line":208,"column":4},"end":{"line":208,"column":87}},{"start":{},"end":{}}],"line":208},"14":{"loc":{"start":{"line":208,"column":10},"end":{"line":208,"column":29}},"type":"binary-expr","locations":[{"start":{"line":208,"column":10},"end":{"line":208,"column":18}},{"start":{"line":208,"column":22},"end":{"line":208,"column":29}}],"line":208},"15":{"loc":{"start":{"line":211,"column":4},"end":{"line":211,"column":79}},"type":"if","locations":[{"start":{"line":211,"column":4},"end":{"line":211,"column":79}},{"start":{},"end":{}}],"line":211},"16":{"loc":{"start":{"line":211,"column":8},"end":{"line":211,"column":38}},"type":"binary-expr","locations":[{"start":{"line":211,"column":8},"end":{"line":211,"column":26}},{"start":{"line":211,"column":30},"end":{"line":211,"column":38}}],"line":211},"17":{"loc":{"start":{"line":212,"column":4},"end":{"line":212,"column":76}},"type":"if","locations":[{"start":{"line":212,"column":4},"end":{"line":212,"column":76}},{"start":{},"end":{}}],"line":212},"18":{"loc":{"start":{"line":212,"column":8},"end":{"line":212,"column":36}},"type":"binary-expr","locations":[{"start":{"line":212,"column":8},"end":{"line":212,"column":25}},{"start":{"line":212,"column":29},"end":{"line":212,"column":36}}],"line":212},"19":{"loc":{"start":{"line":214,"column":4},"end":{"line":214,"column":114}},"type":"if","locations":[{"start":{"line":214,"column":4},"end":{"line":214,"column":114}},{"start":{},"end":{}}],"line":214},"20":{"loc":{"start":{"line":223,"column":49},"end":{"line":223,"column":62}},"type":"binary-expr","locations":[{"start":{"line":223,"column":49},"end":{"line":223,"column":54}},{"start":{"line":223,"column":58},"end":{"line":223,"column":62}}],"line":223},"21":{"loc":{"start":{"line":224,"column":4},"end":{"line":256,"column":5}},"type":"if","locations":[{"start":{"line":224,"column":4},"end":{"line":256,"column":5}},{"start":{},"end":{}}],"line":224},"22":{"loc":{"start":{"line":224,"column":8},"end":{"line":224,"column":65}},"type":"binary-expr","locations":[{"start":{"line":224,"column":8},"end":{"line":224,"column":34}},{"start":{"line":224,"column":38},"end":{"line":224,"column":65}}],"line":224},"23":{"loc":{"start":{"line":227,"column":31},"end":{"line":227,"column":78}},"type":"binary-expr","locations":[{"start":{"line":227,"column":31},"end":{"line":227,"column":56}},{"start":{"line":227,"column":60},"end":{"line":227,"column":78}}],"line":227},"24":{"loc":{"start":{"line":229,"column":6},"end":{"line":229,"column":62}},"type":"if","locations":[{"start":{"line":229,"column":6},"end":{"line":229,"column":62}},{"start":{},"end":{}}],"line":229},"25":{"loc":{"start":{"line":270,"column":4},"end":{"line":270,"column":78}},"type":"if","locations":[{"start":{"line":270,"column":4},"end":{"line":270,"column":78}},{"start":{},"end":{}}],"line":270},"26":{"loc":{"start":{"line":272,"column":4},"end":{"line":272,"column":106}},"type":"if","locations":[{"start":{"line":272,"column":4},"end":{"line":272,"column":106}},{"start":{},"end":{}}],"line":272},"27":{"loc":{"start":{"line":289,"column":4},"end":{"line":289,"column":78}},"type":"if","locations":[{"start":{"line":289,"column":4},"end":{"line":289,"column":78}},{"start":{},"end":{}}],"line":289},"28":{"loc":{"start":{"line":290,"column":4},"end":{"line":290,"column":106}},"type":"if","locations":[{"start":{"line":290,"column":4},"end":{"line":290,"column":106}},{"start":{},"end":{}}],"line":290},"29":{"loc":{"start":{"line":294,"column":4},"end":{"line":296,"column":5}},"type":"if","locations":[{"start":{"line":294,"column":4},"end":{"line":296,"column":5}},{"start":{},"end":{}}],"line":294},"30":{"loc":{"start":{"line":294,"column":8},"end":{"line":294,"column":54}},"type":"binary-expr","locations":[{"start":{"line":294,"column":8},"end":{"line":294,"column":17}},{"start":{"line":294,"column":22},"end":{"line":294,"column":35}},{"start":{"line":294,"column":39},"end":{"line":294,"column":53}}],"line":294},"31":{"loc":{"start":{"line":302,"column":64},"end":{"line":302,"column":91}},"type":"binary-expr","locations":[{"start":{"line":302,"column":64},"end":{"line":302,"column":77}},{"start":{"line":302,"column":81},"end":{"line":302,"column":91}}],"line":302},"32":{"loc":{"start":{"line":315,"column":4},"end":{"line":315,"column":78}},"type":"if","locations":[{"start":{"line":315,"column":4},"end":{"line":315,"column":78}},{"start":{},"end":{}}],"line":315},"33":{"loc":{"start":{"line":316,"column":4},"end":{"line":316,"column":106}},"type":"if","locations":[{"start":{"line":316,"column":4},"end":{"line":316,"column":106}},{"start":{},"end":{}}],"line":316},"34":{"loc":{"start":{"line":335,"column":4},"end":{"line":337,"column":5}},"type":"if","locations":[{"start":{"line":335,"column":4},"end":{"line":337,"column":5}},{"start":{},"end":{}}],"line":335},"35":{"loc":{"start":{"line":343,"column":4},"end":{"line":343,"column":60}},"type":"if","locations":[{"start":{"line":343,"column":4},"end":{"line":343,"column":60}},{"start":{},"end":{}}],"line":343}},"s":{"0":4,"1":4,"2":4,"3":4,"4":4,"5":0,"6":0,"7":0,"8":0,"9":4,"10":7,"11":7,"12":7,"13":7,"14":7,"15":7,"16":7,"17":7,"18":7,"19":7,"20":0,"21":0,"22":4,"23":0,"24":0,"25":0,"26":0,"27":0,"28":0,"29":0,"30":0,"31":4,"32":6,"33":6,"34":6,"35":6,"36":0,"37":6,"38":6,"39":6,"40":6,"41":6,"42":6,"43":6,"44":6,"45":0,"46":4,"47":2,"48":2,"49":2,"50":2,"51":2,"52":2,"53":0,"54":2,"55":0,"56":2,"57":0,"58":2,"59":0,"60":0,"61":4,"62":2,"63":2,"64":2,"65":2,"66":2,"67":2,"68":0,"69":2,"70":2,"71":2,"72":0,"73":2,"74":2,"75":0,"76":0,"77":4,"78":8,"79":8,"80":8,"81":8,"82":8,"83":8,"84":0,"85":8,"86":8,"87":8,"88":8,"89":8,"90":0,"91":8,"92":8,"93":4,"94":8,"95":4,"96":8,"97":0,"98":8,"99":8,"100":8,"101":8,"102":4,"103":4,"104":4,"105":4,"106":4,"107":4,"108":4,"109":4,"110":4,"111":4,"112":4,"113":4,"114":4,"115":4,"116":4,"117":0,"118":0,"119":4,"120":0,"121":0,"122":0,"123":0,"124":0,"125":0,"126":0,"127":0,"128":0,"129":0,"130":0,"131":0,"132":4,"133":2,"134":2,"135":2,"136":2,"137":0,"138":2,"139":0,"140":2,"141":0,"142":2,"143":2,"144":2,"145":2,"146":2,"147":2,"148":0,"149":0,"150":4,"151":1,"152":1,"153":1,"154":0,"155":1,"156":0,"157":1,"158":1,"159":1,"160":1,"161":0,"162":0,"163":4,"164":1,"165":1,"166":1,"167":1,"168":1,"169":0,"170":1,"171":1,"172":1,"173":1,"174":1,"175":1,"176":1,"177":1,"178":1,"179":1,"180":1,"181":1,"182":1,"183":0,"184":0,"185":4},"f":{"0":0,"1":7,"2":0,"3":6,"4":2,"5":0,"6":2,"7":2,"8":8,"9":8,"10":8,"11":0,"12":2,"13":1,"14":1},"b":{"0":[7,0],"1":[0,6],"2":[6,0,0],"3":[6,0],"4":[0,2],"5":[0,2],"6":[2,0],"7":[0,2],"8":[2,0],"9":[0,2],"10":[2,0],"11":[0,8],"12":[8,0],"13":[0,8],"14":[8,4],"15":[4,4],"16":[8,4],"17":[4,4],"18":[8,4],"19":[0,8],"20":[8,0],"21":[4,4],"22":[8,4],"23":[4,3],"24":[4,0],"25":[0,0],"26":[0,0],"27":[0,2],"28":[0,2],"29":[0,2],"30":[2,0,0],"31":[2,2],"32":[0,1],"33":[0,1],"34":[0,1],"35":[1,0]},"_coverageSchema":"1a1c01bbd47fc00a2c39e90264f33305004495a9","hash":"a8835eba3a8cf62d39a016aa19c7b3065a76cb34"}
,"D:\\UnlistedHub-BlackTheme\\UnlistedHub-Backend\\routes\\portfolio.js": {"path":"D:\\UnlistedHub-BlackTheme\\UnlistedHub-Backend\\routes\\portfolio.js","statementMap":{"0":{"start":{"line":1,"column":16},"end":{"line":1,"column":34}},"1":{"start":{"line":2,"column":15},"end":{"line":2,"column":31}},"2":{"start":{"line":3,"column":18},"end":{"line":3,"column":48}},"3":{"start":{"line":4,"column":23},"end":{"line":4,"column":52}},"4":{"start":{"line":7,"column":0},"end":{"line":26,"column":3}},"5":{"start":{"line":8,"column":2},"end":{"line":25,"column":3}},"6":{"start":{"line":9,"column":20},"end":{"line":9,"column":68}},"7":{"start":{"line":12,"column":4},"end":{"line":19,"column":5}},"8":{"start":{"line":13,"column":6},"end":{"line":17,"column":9}},"9":{"start":{"line":18,"column":6},"end":{"line":18,"column":29}},"10":{"start":{"line":21,"column":4},"end":{"line":21,"column":24}},"11":{"start":{"line":23,"column":4},"end":{"line":23,"column":49}},"12":{"start":{"line":24,"column":4},"end":{"line":24,"column":63}},"13":{"start":{"line":29,"column":0},"end":{"line":97,"column":3}},"14":{"start":{"line":30,"column":2},"end":{"line":96,"column":3}},"15":{"start":{"line":31,"column":53},"end":{"line":31,"column":61}},"16":{"start":{"line":33,"column":20},"end":{"line":33,"column":68}},"17":{"start":{"line":35,"column":4},"end":{"line":41,"column":5}},"18":{"start":{"line":36,"column":6},"end":{"line":40,"column":9}},"19":{"start":{"line":44,"column":24},"end":{"line":51,"column":5}},"20":{"start":{"line":53,"column":4},"end":{"line":53,"column":48}},"21":{"start":{"line":56,"column":4},"end":{"line":89,"column":5}},"22":{"start":{"line":57,"column":30},"end":{"line":57,"column":75}},"23":{"start":{"line":57,"column":59},"end":{"line":57,"column":74}},"24":{"start":{"line":59,"column":6},"end":{"line":76,"column":7}},"25":{"start":{"line":60,"column":30},"end":{"line":60,"column":65}},"26":{"start":{"line":61,"column":25},"end":{"line":62,"column":60}},"27":{"start":{"line":64,"column":8},"end":{"line":64,"column":49}},"28":{"start":{"line":65,"column":8},"end":{"line":65,"column":49}},"29":{"start":{"line":66,"column":8},"end":{"line":66,"column":45}},"30":{"start":{"line":67,"column":8},"end":{"line":67,"column":49}},"31":{"start":{"line":69,"column":8},"end":{"line":75,"column":11}},"32":{"start":{"line":77,"column":11},"end":{"line":89,"column":5}},"33":{"start":{"line":78,"column":30},"end":{"line":78,"column":75}},"34":{"start":{"line":78,"column":59},"end":{"line":78,"column":74}},"35":{"start":{"line":80,"column":6},"end":{"line":88,"column":7}},"36":{"start":{"line":81,"column":8},"end":{"line":81,"column":45}},"37":{"start":{"line":82,"column":8},"end":{"line":82,"column":49}},"38":{"start":{"line":85,"column":8},"end":{"line":87,"column":9}},"39":{"start":{"line":86,"column":10},"end":{"line":86,"column":79}},"40":{"start":{"line":86,"column":62},"end":{"line":86,"column":77}},"41":{"start":{"line":91,"column":4},"end":{"line":91,"column":27}},"42":{"start":{"line":92,"column":4},"end":{"line":92,"column":43}},"43":{"start":{"line":94,"column":4},"end":{"line":94,"column":51}},"44":{"start":{"line":95,"column":4},"end":{"line":95,"column":65}},"45":{"start":{"line":100,"column":0},"end":{"line":125,"column":3}},"46":{"start":{"line":101,"column":2},"end":{"line":124,"column":3}},"47":{"start":{"line":102,"column":25},"end":{"line":102,"column":33}},"48":{"start":{"line":104,"column":22},"end":{"line":104,"column":70}},"49":{"start":{"line":106,"column":4},"end":{"line":108,"column":5}},"50":{"start":{"line":107,"column":6},"end":{"line":107,"column":68}},"51":{"start":{"line":110,"column":20},"end":{"line":110,"column":76}},"52":{"start":{"line":110,"column":49},"end":{"line":110,"column":75}},"53":{"start":{"line":112,"column":4},"end":{"line":114,"column":5}},"54":{"start":{"line":113,"column":6},"end":{"line":113,"column":66}},"55":{"start":{"line":116,"column":4},"end":{"line":116,"column":36}},"56":{"start":{"line":117,"column":4},"end":{"line":117,"column":37}},"57":{"start":{"line":119,"column":4},"end":{"line":119,"column":27}},"58":{"start":{"line":120,"column":4},"end":{"line":120,"column":43}},"59":{"start":{"line":122,"column":4},"end":{"line":122,"column":48}},"60":{"start":{"line":123,"column":4},"end":{"line":123,"column":62}},"61":{"start":{"line":127,"column":0},"end":{"line":127,"column":24}}},"fnMap":{"0":{"name":"(anonymous_0)","decl":{"start":{"line":7,"column":32},"end":{"line":7,"column":33}},"loc":{"start":{"line":7,"column":52},"end":{"line":26,"column":1}},"line":7},"1":{"name":"(anonymous_1)","decl":{"start":{"line":29,"column":45},"end":{"line":29,"column":46}},"loc":{"start":{"line":29,"column":65},"end":{"line":97,"column":1}},"line":29},"2":{"name":"(anonymous_2)","decl":{"start":{"line":57,"column":54},"end":{"line":57,"column":55}},"loc":{"start":{"line":57,"column":59},"end":{"line":57,"column":74}},"line":57},"3":{"name":"(anonymous_3)","decl":{"start":{"line":78,"column":54},"end":{"line":78,"column":55}},"loc":{"start":{"line":78,"column":59},"end":{"line":78,"column":74}},"line":78},"4":{"name":"(anonymous_4)","decl":{"start":{"line":86,"column":57},"end":{"line":86,"column":58}},"loc":{"start":{"line":86,"column":62},"end":{"line":86,"column":77}},"line":86},"5":{"name":"(anonymous_5)","decl":{"start":{"line":100,"column":54},"end":{"line":100,"column":55}},"loc":{"start":{"line":100,"column":74},"end":{"line":125,"column":1}},"line":100},"6":{"name":"(anonymous_6)","decl":{"start":{"line":110,"column":44},"end":{"line":110,"column":45}},"loc":{"start":{"line":110,"column":49},"end":{"line":110,"column":75}},"line":110}},"branchMap":{"0":{"loc":{"start":{"line":12,"column":4},"end":{"line":19,"column":5}},"type":"if","locations":[{"start":{"line":12,"column":4},"end":{"line":19,"column":5}},{"start":{},"end":{}}],"line":12},"1":{"loc":{"start":{"line":35,"column":4},"end":{"line":41,"column":5}},"type":"if","locations":[{"start":{"line":35,"column":4},"end":{"line":41,"column":5}},{"start":{},"end":{}}],"line":35},"2":{"loc":{"start":{"line":56,"column":4},"end":{"line":89,"column":5}},"type":"if","locations":[{"start":{"line":56,"column":4},"end":{"line":89,"column":5}},{"start":{"line":77,"column":11},"end":{"line":89,"column":5}}],"line":56},"3":{"loc":{"start":{"line":59,"column":6},"end":{"line":76,"column":7}},"type":"if","locations":[{"start":{"line":59,"column":6},"end":{"line":76,"column":7}},{"start":{"line":68,"column":13},"end":{"line":76,"column":7}}],"line":59},"4":{"loc":{"start":{"line":77,"column":11},"end":{"line":89,"column":5}},"type":"if","locations":[{"start":{"line":77,"column":11},"end":{"line":89,"column":5}},{"start":{},"end":{}}],"line":77},"5":{"loc":{"start":{"line":80,"column":6},"end":{"line":88,"column":7}},"type":"if","locations":[{"start":{"line":80,"column":6},"end":{"line":88,"column":7}},{"start":{},"end":{}}],"line":80},"6":{"loc":{"start":{"line":85,"column":8},"end":{"line":87,"column":9}},"type":"if","locations":[{"start":{"line":85,"column":8},"end":{"line":87,"column":9}},{"start":{},"end":{}}],"line":85},"7":{"loc":{"start":{"line":106,"column":4},"end":{"line":108,"column":5}},"type":"if","locations":[{"start":{"line":106,"column":4},"end":{"line":108,"column":5}},{"start":{},"end":{}}],"line":106},"8":{"loc":{"start":{"line":112,"column":4},"end":{"line":114,"column":5}},"type":"if","locations":[{"start":{"line":112,"column":4},"end":{"line":114,"column":5}},{"start":{},"end":{}}],"line":112}},"s":{"0":4,"1":4,"2":4,"3":4,"4":4,"5":0,"6":0,"7":0,"8":0,"9":0,"10":0,"11":0,"12":0,"13":4,"14":0,"15":0,"16":0,"17":0,"18":0,"19":0,"20":0,"21":0,"22":0,"23":0,"24":0,"25":0,"26":0,"27":0,"28":0,"29":0,"30":0,"31":0,"32":0,"33":0,"34":0,"35":0,"36":0,"37":0,"38":0,"39":0,"40":0,"41":0,"42":0,"43":0,"44":0,"45":4,"46":0,"47":0,"48":0,"49":0,"50":0,"51":0,"52":0,"53":0,"54":0,"55":0,"56":0,"57":0,"58":0,"59":0,"60":0,"61":4},"f":{"0":0,"1":0,"2":0,"3":0,"4":0,"5":0,"6":0},"b":{"0":[0,0],"1":[0,0],"2":[0,0],"3":[0,0],"4":[0,0],"5":[0,0],"6":[0,0],"7":[0,0],"8":[0,0]},"_coverageSchema":"1a1c01bbd47fc00a2c39e90264f33305004495a9","hash":"f6602c762aea63c212660f2b821d43ef31bfb45b"}
,"D:\\UnlistedHub-BlackTheme\\UnlistedHub-Backend\\routes\\trades.js": {"path":"D:\\UnlistedHub-BlackTheme\\UnlistedHub-Backend\\routes\\trades.js","statementMap":{"0":{"start":{"line":1,"column":16},"end":{"line":1,"column":34}},"1":{"start":{"line":2,"column":15},"end":{"line":2,"column":31}},"2":{"start":{"line":3,"column":14},"end":{"line":3,"column":40}},"3":{"start":{"line":4,"column":16},"end":{"line":4,"column":44}},"4":{"start":{"line":5,"column":23},"end":{"line":5,"column":52}},"5":{"start":{"line":6,"column":24},"end":{"line":6,"column":54}},"6":{"start":{"line":7,"column":15},"end":{"line":7,"column":32}},"7":{"start":{"line":8,"column":11},"end":{"line":8,"column":24}},"8":{"start":{"line":9,"column":13},"end":{"line":9,"column":28}},"9":{"start":{"line":12,"column":18},"end":{"line":12,"column":34}},"10":{"start":{"line":13,"column":0},"end":{"line":15,"column":1}},"11":{"start":{"line":14,"column":2},"end":{"line":14,"column":47}},"12":{"start":{"line":18,"column":16},"end":{"line":26,"column":2}},"13":{"start":{"line":20,"column":4},"end":{"line":20,"column":24}},"14":{"start":{"line":23,"column":25},"end":{"line":23,"column":75}},"15":{"start":{"line":24,"column":4},"end":{"line":24,"column":84}},"16":{"start":{"line":27,"column":15},"end":{"line":39,"column":2}},"17":{"start":{"line":31,"column":25},"end":{"line":31,"column":43}},"18":{"start":{"line":32,"column":20},"end":{"line":32,"column":84}},"19":{"start":{"line":33,"column":21},"end":{"line":33,"column":53}},"20":{"start":{"line":34,"column":4},"end":{"line":36,"column":5}},"21":{"start":{"line":35,"column":6},"end":{"line":35,"column":28}},"22":{"start":{"line":37,"column":4},"end":{"line":37,"column":78}},"23":{"start":{"line":44,"column":0},"end":{"line":59,"column":3}},"24":{"start":{"line":45,"column":2},"end":{"line":58,"column":3}},"25":{"start":{"line":46,"column":19},"end":{"line":52,"column":30}},"26":{"start":{"line":54,"column":4},"end":{"line":54,"column":21}},"27":{"start":{"line":56,"column":4},"end":{"line":56,"column":46}},"28":{"start":{"line":57,"column":4},"end":{"line":57,"column":62}},"29":{"start":{"line":62,"column":0},"end":{"line":84,"column":3}},"30":{"start":{"line":63,"column":2},"end":{"line":83,"column":3}},"31":{"start":{"line":64,"column":18},"end":{"line":67,"column":28}},"32":{"start":{"line":69,"column":4},"end":{"line":71,"column":5}},"33":{"start":{"line":70,"column":6},"end":{"line":70,"column":64}},"34":{"start":{"line":74,"column":4},"end":{"line":77,"column":5}},"35":{"start":{"line":76,"column":6},"end":{"line":76,"column":68}},"36":{"start":{"line":79,"column":4},"end":{"line":79,"column":20}},"37":{"start":{"line":81,"column":4},"end":{"line":81,"column":45}},"38":{"start":{"line":82,"column":4},"end":{"line":82,"column":61}},"39":{"start":{"line":87,"column":0},"end":{"line":124,"column":3}},"40":{"start":{"line":91,"column":2},"end":{"line":123,"column":3}},"41":{"start":{"line":92,"column":18},"end":{"line":92,"column":53}},"42":{"start":{"line":94,"column":4},"end":{"line":96,"column":5}},"43":{"start":{"line":95,"column":6},"end":{"line":95,"column":64}},"44":{"start":{"line":99,"column":4},"end":{"line":101,"column":5}},"45":{"start":{"line":100,"column":6},"end":{"line":100,"column":84}},"46":{"start":{"line":104,"column":4},"end":{"line":106,"column":5}},"47":{"start":{"line":105,"column":6},"end":{"line":105,"column":87}},"48":{"start":{"line":109,"column":4},"end":{"line":111,"column":5}},"49":{"start":{"line":110,"column":6},"end":{"line":110,"column":60}},"50":{"start":{"line":112,"column":4},"end":{"line":114,"column":5}},"51":{"start":{"line":113,"column":6},"end":{"line":113,"column":88}},"52":{"start":{"line":115,"column":4},"end":{"line":115,"column":48}},"53":{"start":{"line":117,"column":4},"end":{"line":117,"column":23}},"54":{"start":{"line":119,"column":4},"end":{"line":119,"column":87}},"55":{"start":{"line":121,"column":4},"end":{"line":121,"column":56}},"56":{"start":{"line":122,"column":4},"end":{"line":122,"column":63}},"57":{"start":{"line":127,"column":0},"end":{"line":162,"column":3}},"58":{"start":{"line":128,"column":2},"end":{"line":161,"column":3}},"59":{"start":{"line":129,"column":20},"end":{"line":129,"column":28}},"60":{"start":{"line":130,"column":18},"end":{"line":130,"column":53}},"61":{"start":{"line":132,"column":4},"end":{"line":134,"column":5}},"62":{"start":{"line":133,"column":6},"end":{"line":133,"column":64}},"63":{"start":{"line":137,"column":4},"end":{"line":139,"column":5}},"64":{"start":{"line":138,"column":6},"end":{"line":138,"column":83}},"65":{"start":{"line":142,"column":4},"end":{"line":144,"column":5}},"66":{"start":{"line":143,"column":6},"end":{"line":143,"column":87}},"67":{"start":{"line":147,"column":4},"end":{"line":149,"column":5}},"68":{"start":{"line":148,"column":6},"end":{"line":148,"column":59}},"69":{"start":{"line":150,"column":4},"end":{"line":152,"column":5}},"70":{"start":{"line":151,"column":6},"end":{"line":151,"column":35}},"71":{"start":{"line":153,"column":4},"end":{"line":153,"column":47}},"72":{"start":{"line":155,"column":4},"end":{"line":155,"column":23}},"73":{"start":{"line":157,"column":4},"end":{"line":157,"column":86}},"74":{"start":{"line":159,"column":4},"end":{"line":159,"column":55}},"75":{"start":{"line":160,"column":4},"end":{"line":160,"column":63}},"76":{"start":{"line":165,"column":0},"end":{"line":206,"column":3}},"77":{"start":{"line":166,"column":2},"end":{"line":205,"column":3}},"78":{"start":{"line":172,"column":18},"end":{"line":172,"column":53}},"79":{"start":{"line":174,"column":4},"end":{"line":176,"column":5}},"80":{"start":{"line":175,"column":6},"end":{"line":175,"column":64}},"81":{"start":{"line":178,"column":4},"end":{"line":180,"column":5}},"82":{"start":{"line":179,"column":6},"end":{"line":179,"column":77}},"83":{"start":{"line":183,"column":4},"end":{"line":186,"column":5}},"84":{"start":{"line":185,"column":6},"end":{"line":185,"column":96}},"85":{"start":{"line":189,"column":4},"end":{"line":189,"column":30}},"86":{"start":{"line":190,"column":4},"end":{"line":190,"column":35}},"87":{"start":{"line":191,"column":4},"end":{"line":191,"column":34}},"88":{"start":{"line":192,"column":4},"end":{"line":192,"column":35}},"89":{"start":{"line":194,"column":4},"end":{"line":194,"column":23}},"90":{"start":{"line":197,"column":4},"end":{"line":199,"column":7}},"91":{"start":{"line":201,"column":4},"end":{"line":201,"column":93}},"92":{"start":{"line":203,"column":4},"end":{"line":203,"column":48}},"93":{"start":{"line":204,"column":4},"end":{"line":204,"column":62}},"94":{"start":{"line":209,"column":0},"end":{"line":249,"column":3}},"95":{"start":{"line":210,"column":2},"end":{"line":248,"column":3}},"96":{"start":{"line":212,"column":23},"end":{"line":212,"column":31}},"97":{"start":{"line":214,"column":4},"end":{"line":216,"column":5}},"98":{"start":{"line":215,"column":6},"end":{"line":215,"column":77}},"99":{"start":{"line":218,"column":18},"end":{"line":218,"column":53}},"100":{"start":{"line":220,"column":4},"end":{"line":222,"column":5}},"101":{"start":{"line":221,"column":6},"end":{"line":221,"column":64}},"102":{"start":{"line":224,"column":4},"end":{"line":226,"column":5}},"103":{"start":{"line":225,"column":6},"end":{"line":225,"column":78}},"104":{"start":{"line":229,"column":4},"end":{"line":229,"column":30}},"105":{"start":{"line":230,"column":4},"end":{"line":230,"column":35}},"106":{"start":{"line":231,"column":4},"end":{"line":231,"column":35}},"107":{"start":{"line":232,"column":4},"end":{"line":232,"column":34}},"108":{"start":{"line":234,"column":4},"end":{"line":234,"column":23}},"109":{"start":{"line":237,"column":4},"end":{"line":242,"column":7}},"110":{"start":{"line":244,"column":4},"end":{"line":244,"column":79}},"111":{"start":{"line":246,"column":4},"end":{"line":246,"column":48}},"112":{"start":{"line":247,"column":4},"end":{"line":247,"column":62}},"113":{"start":{"line":252,"column":0},"end":{"line":286,"column":3}},"114":{"start":{"line":253,"column":2},"end":{"line":285,"column":3}},"115":{"start":{"line":254,"column":18},"end":{"line":254,"column":53}},"116":{"start":{"line":255,"column":4},"end":{"line":255,"column":74}},"117":{"start":{"line":255,"column":16},"end":{"line":255,"column":74}},"118":{"start":{"line":257,"column":19},"end":{"line":257,"column":30}},"119":{"start":{"line":258,"column":19},"end":{"line":258,"column":24}},"120":{"start":{"line":259,"column":4},"end":{"line":263,"column":5}},"121":{"start":{"line":260,"column":6},"end":{"line":260,"column":34}},"122":{"start":{"line":261,"column":6},"end":{"line":261,"column":41}},"123":{"start":{"line":262,"column":6},"end":{"line":262,"column":22}},"124":{"start":{"line":264,"column":4},"end":{"line":268,"column":5}},"125":{"start":{"line":265,"column":6},"end":{"line":265,"column":35}},"126":{"start":{"line":266,"column":6},"end":{"line":266,"column":42}},"127":{"start":{"line":267,"column":6},"end":{"line":267,"column":22}},"128":{"start":{"line":270,"column":4},"end":{"line":272,"column":5}},"129":{"start":{"line":271,"column":6},"end":{"line":271,"column":82}},"130":{"start":{"line":274,"column":4},"end":{"line":278,"column":5}},"131":{"start":{"line":275,"column":6},"end":{"line":275,"column":40}},"132":{"start":{"line":277,"column":6},"end":{"line":277,"column":86}},"133":{"start":{"line":280,"column":4},"end":{"line":280,"column":23}},"134":{"start":{"line":281,"column":4},"end":{"line":281,"column":39}},"135":{"start":{"line":283,"column":4},"end":{"line":283,"column":49}},"136":{"start":{"line":284,"column":4},"end":{"line":284,"column":63}},"137":{"start":{"line":288,"column":0},"end":{"line":288,"column":24}}},"fnMap":{"0":{"name":"(anonymous_0)","decl":{"start":{"line":19,"column":15},"end":{"line":19,"column":16}},"loc":{"start":{"line":19,"column":40},"end":{"line":21,"column":3}},"line":19},"1":{"name":"(anonymous_1)","decl":{"start":{"line":22,"column":12},"end":{"line":22,"column":13}},"loc":{"start":{"line":22,"column":37},"end":{"line":25,"column":3}},"line":22},"2":{"name":"(anonymous_2)","decl":{"start":{"line":30,"column":14},"end":{"line":30,"column":15}},"loc":{"start":{"line":30,"column":39},"end":{"line":38,"column":3}},"line":30},"3":{"name":"(anonymous_3)","decl":{"start":{"line":44,"column":41},"end":{"line":44,"column":42}},"loc":{"start":{"line":44,"column":61},"end":{"line":59,"column":1}},"line":44},"4":{"name":"(anonymous_4)","decl":{"start":{"line":62,"column":35},"end":{"line":62,"column":36}},"loc":{"start":{"line":62,"column":55},"end":{"line":84,"column":1}},"line":62},"5":{"name":"(anonymous_5)","decl":{"start":{"line":90,"column":4},"end":{"line":90,"column":5}},"loc":{"start":{"line":90,"column":24},"end":{"line":124,"column":1}},"line":90},"6":{"name":"(anonymous_6)","decl":{"start":{"line":127,"column":85},"end":{"line":127,"column":86}},"loc":{"start":{"line":127,"column":105},"end":{"line":162,"column":1}},"line":127},"7":{"name":"(anonymous_7)","decl":{"start":{"line":165,"column":60},"end":{"line":165,"column":61}},"loc":{"start":{"line":165,"column":80},"end":{"line":206,"column":1}},"line":165},"8":{"name":"(anonymous_8)","decl":{"start":{"line":209,"column":60},"end":{"line":209,"column":61}},"loc":{"start":{"line":209,"column":80},"end":{"line":249,"column":1}},"line":209},"9":{"name":"(anonymous_9)","decl":{"start":{"line":252,"column":44},"end":{"line":252,"column":45}},"loc":{"start":{"line":252,"column":64},"end":{"line":286,"column":1}},"line":252}},"branchMap":{"0":{"loc":{"start":{"line":13,"column":0},"end":{"line":15,"column":1}},"type":"if","locations":[{"start":{"line":13,"column":0},"end":{"line":15,"column":1}},{"start":{},"end":{}}],"line":13},"1":{"loc":{"start":{"line":34,"column":4},"end":{"line":36,"column":5}},"type":"if","locations":[{"start":{"line":34,"column":4},"end":{"line":36,"column":5}},{"start":{},"end":{}}],"line":34},"2":{"loc":{"start":{"line":34,"column":8},"end":{"line":34,"column":27}},"type":"binary-expr","locations":[{"start":{"line":34,"column":8},"end":{"line":34,"column":16}},{"start":{"line":34,"column":20},"end":{"line":34,"column":27}}],"line":34},"3":{"loc":{"start":{"line":69,"column":4},"end":{"line":71,"column":5}},"type":"if","locations":[{"start":{"line":69,"column":4},"end":{"line":71,"column":5}},{"start":{},"end":{}}],"line":69},"4":{"loc":{"start":{"line":74,"column":4},"end":{"line":77,"column":5}},"type":"if","locations":[{"start":{"line":74,"column":4},"end":{"line":77,"column":5}},{"start":{},"end":{}}],"line":74},"5":{"loc":{"start":{"line":74,"column":8},"end":{"line":75,"column":52}},"type":"binary-expr","locations":[{"start":{"line":74,"column":8},"end":{"line":74,"column":53}},{"start":{"line":75,"column":8},"end":{"line":75,"column":52}}],"line":74},"6":{"loc":{"start":{"line":94,"column":4},"end":{"line":96,"column":5}},"type":"if","locations":[{"start":{"line":94,"column":4},"end":{"line":96,"column":5}},{"start":{},"end":{}}],"line":94},"7":{"loc":{"start":{"line":99,"column":4},"end":{"line":101,"column":5}},"type":"if","locations":[{"start":{"line":99,"column":4},"end":{"line":101,"column":5}},{"start":{},"end":{}}],"line":99},"8":{"loc":{"start":{"line":104,"column":4},"end":{"line":106,"column":5}},"type":"if","locations":[{"start":{"line":104,"column":4},"end":{"line":106,"column":5}},{"start":{},"end":{}}],"line":104},"9":{"loc":{"start":{"line":109,"column":4},"end":{"line":111,"column":5}},"type":"if","locations":[{"start":{"line":109,"column":4},"end":{"line":111,"column":5}},{"start":{},"end":{}}],"line":109},"10":{"loc":{"start":{"line":112,"column":4},"end":{"line":114,"column":5}},"type":"if","locations":[{"start":{"line":112,"column":4},"end":{"line":114,"column":5}},{"start":{},"end":{}}],"line":112},"11":{"loc":{"start":{"line":132,"column":4},"end":{"line":134,"column":5}},"type":"if","locations":[{"start":{"line":132,"column":4},"end":{"line":134,"column":5}},{"start":{},"end":{}}],"line":132},"12":{"loc":{"start":{"line":137,"column":4},"end":{"line":139,"column":5}},"type":"if","locations":[{"start":{"line":137,"column":4},"end":{"line":139,"column":5}},{"start":{},"end":{}}],"line":137},"13":{"loc":{"start":{"line":142,"column":4},"end":{"line":144,"column":5}},"type":"if","locations":[{"start":{"line":142,"column":4},"end":{"line":144,"column":5}},{"start":{},"end":{}}],"line":142},"14":{"loc":{"start":{"line":147,"column":4},"end":{"line":149,"column":5}},"type":"if","locations":[{"start":{"line":147,"column":4},"end":{"line":149,"column":5}},{"start":{},"end":{}}],"line":147},"15":{"loc":{"start":{"line":150,"column":4},"end":{"line":152,"column":5}},"type":"if","locations":[{"start":{"line":150,"column":4},"end":{"line":152,"column":5}},{"start":{},"end":{}}],"line":150},"16":{"loc":{"start":{"line":174,"column":4},"end":{"line":176,"column":5}},"type":"if","locations":[{"start":{"line":174,"column":4},"end":{"line":176,"column":5}},{"start":{},"end":{}}],"line":174},"17":{"loc":{"start":{"line":178,"column":4},"end":{"line":180,"column":5}},"type":"if","locations":[{"start":{"line":178,"column":4},"end":{"line":180,"column":5}},{"start":{},"end":{}}],"line":178},"18":{"loc":{"start":{"line":183,"column":4},"end":{"line":186,"column":5}},"type":"if","locations":[{"start":{"line":183,"column":4},"end":{"line":186,"column":5}},{"start":{},"end":{}}],"line":183},"19":{"loc":{"start":{"line":183,"column":8},"end":{"line":184,"column":72}},"type":"binary-expr","locations":[{"start":{"line":183,"column":8},"end":{"line":183,"column":35}},{"start":{"line":183,"column":39},"end":{"line":183,"column":80}},{"start":{"line":184,"column":8},"end":{"line":184,"column":45}},{"start":{"line":184,"column":49},"end":{"line":184,"column":72}}],"line":183},"20":{"loc":{"start":{"line":214,"column":4},"end":{"line":216,"column":5}},"type":"if","locations":[{"start":{"line":214,"column":4},"end":{"line":216,"column":5}},{"start":{},"end":{}}],"line":214},"21":{"loc":{"start":{"line":214,"column":8},"end":{"line":214,"column":39}},"type":"binary-expr","locations":[{"start":{"line":214,"column":8},"end":{"line":214,"column":15}},{"start":{"line":214,"column":19},"end":{"line":214,"column":39}}],"line":214},"22":{"loc":{"start":{"line":220,"column":4},"end":{"line":222,"column":5}},"type":"if","locations":[{"start":{"line":220,"column":4},"end":{"line":222,"column":5}},{"start":{},"end":{}}],"line":220},"23":{"loc":{"start":{"line":224,"column":4},"end":{"line":226,"column":5}},"type":"if","locations":[{"start":{"line":224,"column":4},"end":{"line":226,"column":5}},{"start":{},"end":{}}],"line":224},"24":{"loc":{"start":{"line":255,"column":4},"end":{"line":255,"column":74}},"type":"if","locations":[{"start":{"line":255,"column":4},"end":{"line":255,"column":74}},{"start":{},"end":{}}],"line":255},"25":{"loc":{"start":{"line":259,"column":4},"end":{"line":263,"column":5}},"type":"if","locations":[{"start":{"line":259,"column":4},"end":{"line":263,"column":5}},{"start":{},"end":{}}],"line":259},"26":{"loc":{"start":{"line":259,"column":8},"end":{"line":259,"column":68}},"type":"binary-expr","locations":[{"start":{"line":259,"column":8},"end":{"line":259,"column":43}},{"start":{"line":259,"column":47},"end":{"line":259,"column":68}}],"line":259},"27":{"loc":{"start":{"line":264,"column":4},"end":{"line":268,"column":5}},"type":"if","locations":[{"start":{"line":264,"column":4},"end":{"line":268,"column":5}},{"start":{},"end":{}}],"line":264},"28":{"loc":{"start":{"line":264,"column":8},"end":{"line":264,"column":70}},"type":"binary-expr","locations":[{"start":{"line":264,"column":8},"end":{"line":264,"column":44}},{"start":{"line":264,"column":48},"end":{"line":264,"column":70}}],"line":264},"29":{"loc":{"start":{"line":270,"column":4},"end":{"line":272,"column":5}},"type":"if","locations":[{"start":{"line":270,"column":4},"end":{"line":272,"column":5}},{"start":{},"end":{}}],"line":270},"30":{"loc":{"start":{"line":274,"column":4},"end":{"line":278,"column":5}},"type":"if","locations":[{"start":{"line":274,"column":4},"end":{"line":278,"column":5}},{"start":{},"end":{}}],"line":274},"31":{"loc":{"start":{"line":274,"column":8},"end":{"line":274,"column":53}},"type":"binary-expr","locations":[{"start":{"line":274,"column":8},"end":{"line":274,"column":28}},{"start":{"line":274,"column":32},"end":{"line":274,"column":53}}],"line":274}},"s":{"0":4,"1":4,"2":4,"3":4,"4":4,"5":4,"6":4,"7":4,"8":4,"9":4,"10":4,"11":0,"12":4,"13":3,"14":3,"15":3,"16":4,"17":3,"18":3,"19":3,"20":3,"21":3,"22":0,"23":4,"24":0,"25":0,"26":0,"27":0,"28":0,"29":4,"30":0,"31":0,"32":0,"33":0,"34":0,"35":0,"36":0,"37":0,"38":0,"39":4,"40":1,"41":1,"42":1,"43":0,"44":1,"45":0,"46":1,"47":0,"48":1,"49":1,"50":1,"51":1,"52":1,"53":1,"54":1,"55":0,"56":0,"57":4,"58":1,"59":1,"60":1,"61":1,"62":0,"63":1,"64":0,"65":1,"66":0,"67":1,"68":1,"69":1,"70":1,"71":1,"72":1,"73":1,"74":0,"75":0,"76":4,"77":2,"78":2,"79":2,"80":0,"81":2,"82":0,"83":2,"84":0,"85":2,"86":2,"87":2,"88":2,"89":2,"90":2,"91":2,"92":0,"93":0,"94":4,"95":1,"96":1,"97":1,"98":0,"99":1,"100":1,"101":0,"102":1,"103":0,"104":1,"105":1,"106":1,"107":1,"108":1,"109":1,"110":1,"111":0,"112":0,"113":4,"114":2,"115":2,"116":2,"117":0,"118":2,"119":2,"120":2,"121":2,"122":2,"123":2,"124":2,"125":0,"126":0,"127":0,"128":2,"129":0,"130":2,"131":2,"132":2,"133":2,"134":2,"135":0,"136":0,"137":4},"f":{"0":3,"1":3,"2":3,"3":0,"4":0,"5":1,"6":1,"7":2,"8":1,"9":2},"b":{"0":[0,4],"1":[3,0],"2":[3,3],"3":[0,0],"4":[0,0],"5":[0,0],"6":[0,1],"7":[0,1],"8":[0,1],"9":[1,0],"10":[1,0],"11":[0,1],"12":[0,1],"13":[0,1],"14":[1,0],"15":[1,0],"16":[0,2],"17":[0,2],"18":[0,2],"19":[2,2,2,2],"20":[0,1],"21":[1,1],"22":[0,1],"23":[0,1],"24":[0,2],"25":[2,0],"26":[2,2],"27":[0,2],"28":[2,0],"29":[0,2],"30":[2,0],"31":[2,2]},"_coverageSchema":"1a1c01bbd47fc00a2c39e90264f33305004495a9","hash":"fb6150538c2d5be1a64bb73918983a3b779e2eff"}
,"D:\\UnlistedHub-BlackTheme\\UnlistedHub-Backend\\routes\\users.js": {"path":"D:\\UnlistedHub-BlackTheme\\UnlistedHub-Backend\\routes\\users.js","statementMap":{"0":{"start":{"line":1,"column":16},"end":{"line":1,"column":34}},"1":{"start":{"line":2,"column":15},"end":{"line":2,"column":31}},"2":{"start":{"line":3,"column":13},"end":{"line":3,"column":38}},"3":{"start":{"line":4,"column":23},"end":{"line":4,"column":52}},"4":{"start":{"line":7,"column":0},"end":{"line":14,"column":3}},"5":{"start":{"line":8,"column":2},"end":{"line":13,"column":3}},"6":{"start":{"line":9,"column":18},"end":{"line":9,"column":76}},"7":{"start":{"line":10,"column":4},"end":{"line":10,"column":20}},"8":{"start":{"line":12,"column":4},"end":{"line":12,"column":52}},"9":{"start":{"line":17,"column":0},"end":{"line":27,"column":3}},"10":{"start":{"line":18,"column":2},"end":{"line":26,"column":3}},"11":{"start":{"line":19,"column":17},"end":{"line":19,"column":92}},"12":{"start":{"line":20,"column":4},"end":{"line":22,"column":5}},"13":{"start":{"line":21,"column":6},"end":{"line":21,"column":63}},"14":{"start":{"line":23,"column":4},"end":{"line":23,"column":19}},"15":{"start":{"line":25,"column":4},"end":{"line":25,"column":52}},"16":{"start":{"line":30,"column":0},"end":{"line":74,"column":3}},"17":{"start":{"line":31,"column":2},"end":{"line":73,"column":3}},"18":{"start":{"line":32,"column":39},"end":{"line":32,"column":47}},"19":{"start":{"line":36,"column":4},"end":{"line":38,"column":5}},"20":{"start":{"line":37,"column":6},"end":{"line":37,"column":102}},"21":{"start":{"line":41,"column":4},"end":{"line":46,"column":5}},"22":{"start":{"line":42,"column":27},"end":{"line":42,"column":88}},"23":{"start":{"line":43,"column":6},"end":{"line":45,"column":7}},"24":{"start":{"line":44,"column":8},"end":{"line":44,"column":91}},"25":{"start":{"line":49,"column":25},"end":{"line":49,"column":27}},"26":{"start":{"line":50,"column":4},"end":{"line":50,"column":65}},"27":{"start":{"line":50,"column":32},"end":{"line":50,"column":65}},"28":{"start":{"line":51,"column":4},"end":{"line":51,"column":53}},"29":{"start":{"line":51,"column":28},"end":{"line":51,"column":53}},"30":{"start":{"line":52,"column":4},"end":{"line":52,"column":59}},"31":{"start":{"line":52,"column":30},"end":{"line":52,"column":59}},"32":{"start":{"line":55,"column":24},"end":{"line":59,"column":46}},"33":{"start":{"line":61,"column":4},"end":{"line":63,"column":5}},"34":{"start":{"line":62,"column":6},"end":{"line":62,"column":81}},"35":{"start":{"line":65,"column":4},"end":{"line":69,"column":7}},"36":{"start":{"line":71,"column":4},"end":{"line":71,"column":50}},"37":{"start":{"line":72,"column":4},"end":{"line":72,"column":70}},"38":{"start":{"line":76,"column":0},"end":{"line":76,"column":24}}},"fnMap":{"0":{"name":"(anonymous_0)","decl":{"start":{"line":7,"column":32},"end":{"line":7,"column":33}},"loc":{"start":{"line":7,"column":52},"end":{"line":14,"column":1}},"line":7},"1":{"name":"(anonymous_1)","decl":{"start":{"line":17,"column":35},"end":{"line":17,"column":36}},"loc":{"start":{"line":17,"column":55},"end":{"line":27,"column":1}},"line":17},"2":{"name":"(anonymous_2)","decl":{"start":{"line":30,"column":37},"end":{"line":30,"column":38}},"loc":{"start":{"line":30,"column":57},"end":{"line":74,"column":1}},"line":30}},"branchMap":{"0":{"loc":{"start":{"line":20,"column":4},"end":{"line":22,"column":5}},"type":"if","locations":[{"start":{"line":20,"column":4},"end":{"line":22,"column":5}},{"start":{},"end":{}}],"line":20},"1":{"loc":{"start":{"line":36,"column":4},"end":{"line":38,"column":5}},"type":"if","locations":[{"start":{"line":36,"column":4},"end":{"line":38,"column":5}},{"start":{},"end":{}}],"line":36},"2":{"loc":{"start":{"line":36,"column":8},"end":{"line":36,"column":75}},"type":"binary-expr","locations":[{"start":{"line":36,"column":8},"end":{"line":36,"column":37}},{"start":{"line":36,"column":41},"end":{"line":36,"column":75}}],"line":36},"3":{"loc":{"start":{"line":41,"column":4},"end":{"line":46,"column":5}},"type":"if","locations":[{"start":{"line":41,"column":4},"end":{"line":46,"column":5}},{"start":{},"end":{}}],"line":41},"4":{"loc":{"start":{"line":43,"column":6},"end":{"line":45,"column":7}},"type":"if","locations":[{"start":{"line":43,"column":6},"end":{"line":45,"column":7}},{"start":{},"end":{}}],"line":43},"5":{"loc":{"start":{"line":50,"column":4},"end":{"line":50,"column":65}},"type":"if","locations":[{"start":{"line":50,"column":4},"end":{"line":50,"column":65}},{"start":{},"end":{}}],"line":50},"6":{"loc":{"start":{"line":51,"column":4},"end":{"line":51,"column":53}},"type":"if","locations":[{"start":{"line":51,"column":4},"end":{"line":51,"column":53}},{"start":{},"end":{}}],"line":51},"7":{"loc":{"start":{"line":52,"column":4},"end":{"line":52,"column":59}},"type":"if","locations":[{"start":{"line":52,"column":4},"end":{"line":52,"column":59}},{"start":{},"end":{}}],"line":52},"8":{"loc":{"start":{"line":61,"column":4},"end":{"line":63,"column":5}},"type":"if","locations":[{"start":{"line":61,"column":4},"end":{"line":63,"column":5}},{"start":{},"end":{}}],"line":61}},"s":{"0":4,"1":4,"2":4,"3":4,"4":4,"5":0,"6":0,"7":0,"8":0,"9":4,"10":0,"11":0,"12":0,"13":0,"14":0,"15":0,"16":4,"17":0,"18":0,"19":0,"20":0,"21":0,"22":0,"23":0,"24":0,"25":0,"26":0,"27":0,"28":0,"29":0,"30":0,"31":0,"32":0,"33":0,"34":0,"35":0,"36":0,"37":0,"38":4},"f":{"0":0,"1":0,"2":0},"b":{"0":[0,0],"1":[0,0],"2":[0,0],"3":[0,0],"4":[0,0],"5":[0,0],"6":[0,0],"7":[0,0],"8":[0,0]},"_coverageSchema":"1a1c01bbd47fc00a2c39e90264f33305004495a9","hash":"0c262043fb0351e8e5ee0d0b0b007d19f6f8a717"}
,"D:\\UnlistedHub-BlackTheme\\UnlistedHub-Backend\\utils\\otpService.js": {"path":"D:\\UnlistedHub-BlackTheme\\UnlistedHub-Backend\\utils\\otpService.js","statementMap":{"0":{"start":{"line":1,"column":19},"end":{"line":1,"column":40}},"1":{"start":{"line":2,"column":15},"end":{"line":2,"column":32}},"2":{"start":{"line":5,"column":21},"end":{"line":42,"column":1}},"3":{"start":{"line":6,"column":2},"end":{"line":41,"column":3}},"4":{"start":{"line":8,"column":24},"end":{"line":14,"column":6}},"5":{"start":{"line":17,"column":24},"end":{"line":32,"column":5}},"6":{"start":{"line":35,"column":4},"end":{"line":35,"column":44}},"7":{"start":{"line":36,"column":4},"end":{"line":36,"column":48}},"8":{"start":{"line":37,"column":4},"end":{"line":37,"column":16}},"9":{"start":{"line":39,"column":4},"end":{"line":39,"column":45}},"10":{"start":{"line":40,"column":4},"end":{"line":40,"column":48}},"11":{"start":{"line":45,"column":19},"end":{"line":66,"column":1}},"12":{"start":{"line":46,"column":2},"end":{"line":65,"column":3}},"13":{"start":{"line":48,"column":19},"end":{"line":51,"column":5}},"14":{"start":{"line":54,"column":4},"end":{"line":58,"column":7}},"15":{"start":{"line":60,"column":4},"end":{"line":60,"column":47}},"16":{"start":{"line":61,"column":4},"end":{"line":61,"column":16}},"17":{"start":{"line":63,"column":4},"end":{"line":63,"column":43}},"18":{"start":{"line":64,"column":4},"end":{"line":64,"column":46}},"19":{"start":{"line":69,"column":25},"end":{"line":89,"column":1}},"20":{"start":{"line":70,"column":2},"end":{"line":88,"column":3}},"21":{"start":{"line":71,"column":18},"end":{"line":71,"column":34}},"22":{"start":{"line":73,"column":21},"end":{"line":81,"column":6}},"23":{"start":{"line":83,"column":4},"end":{"line":83,"column":49}},"24":{"start":{"line":84,"column":4},"end":{"line":84,"column":16}},"25":{"start":{"line":86,"column":4},"end":{"line":86,"column":45}},"26":{"start":{"line":87,"column":4},"end":{"line":87,"column":52}},"27":{"start":{"line":91,"column":0},"end":{"line":95,"column":2}}},"fnMap":{"0":{"name":"(anonymous_0)","decl":{"start":{"line":5,"column":21},"end":{"line":5,"column":22}},"loc":{"start":{"line":5,"column":43},"end":{"line":42,"column":1}},"line":5},"1":{"name":"(anonymous_1)","decl":{"start":{"line":45,"column":19},"end":{"line":45,"column":20}},"loc":{"start":{"line":45,"column":42},"end":{"line":66,"column":1}},"line":45},"2":{"name":"(anonymous_2)","decl":{"start":{"line":69,"column":25},"end":{"line":69,"column":26}},"loc":{"start":{"line":69,"column":48},"end":{"line":89,"column":1}},"line":69}},"branchMap":{"0":{"loc":{"start":{"line":9,"column":15},"end":{"line":9,"column":51}},"type":"binary-expr","locations":[{"start":{"line":9,"column":15},"end":{"line":9,"column":40}},{"start":{"line":9,"column":44},"end":{"line":9,"column":51}}],"line":9}},"s":{"0":4,"1":4,"2":4,"3":0,"4":0,"5":0,"6":0,"7":0,"8":0,"9":0,"10":0,"11":4,"12":0,"13":0,"14":0,"15":0,"16":0,"17":0,"18":0,"19":4,"20":0,"21":0,"22":0,"23":0,"24":0,"25":0,"26":0,"27":4},"f":{"0":0,"1":0,"2":0},"b":{"0":[0,0]},"_coverageSchema":"1a1c01bbd47fc00a2c39e90264f33305004495a9","hash":"add107f309c48d6a67ed1fd57303e9fc6a1ba5cc"}
}
