TN:
SF:server.js
FN:18,(anonymous_0)
FN:51,(anonymous_1)
FN:52,(anonymous_2)
FN:58,(anonymous_3)
FN:63,(anonymous_4)
FN:71,(anonymous_5)
FNF:6
FNH:2
FNDA:47,(anonymous_0)
FNDA:4,(anonymous_1)
FNDA:0,(anonymous_2)
FNDA:0,(anonymous_3)
FNDA:0,(anonymous_4)
FNDA:0,(anonymous_5)
DA:1,4
DA:2,4
DA:3,4
DA:4,4
DA:6,4
DA:9,4
DA:17,4
DA:19,47
DA:21,0
DA:22,0
DA:23,0
DA:26,0
DA:32,4
DA:33,4
DA:34,4
DA:37,4
DA:38,4
DA:39,4
DA:40,4
DA:41,4
DA:42,4
DA:43,4
DA:46,4
DA:47,4
DA:51,4
DA:52,0
DA:54,0
DA:58,4
DA:59,0
DA:63,4
DA:64,0
DA:65,0
DA:68,4
DA:70,4
DA:71,0
DA:72,0
DA:76,4
LF:37
LH:26
BRDA:19,0,0,47
BRDA:19,0,1,0
BRDA:22,1,0,0
BRDA:22,1,1,0
BRDA:22,2,0,0
BRDA:22,2,1,0
BRDA:46,3,0,4
BRDA:46,3,1,0
BRDA:68,4,0,4
BRDA:68,4,1,0
BRDA:70,5,0,0
BRDA:70,5,1,4
BRF:12
BRH:4
end_of_record
TN:
SF:middleware\admin.js
FN:3,(anonymous_0)
FNF:1
FNH:1
FNDA:5,(anonymous_0)
DA:1,4
DA:3,4
DA:4,5
DA:5,5
DA:7,5
DA:8,5
DA:10,5
DA:11,3
DA:14,2
DA:16,0
DA:17,0
LF:11
LH:9
BRDA:5,0,0,0
BRDA:5,0,1,5
BRDA:8,1,0,0
BRDA:8,1,1,5
BRDA:10,2,0,3
BRDA:10,2,1,2
BRDA:10,3,0,5
BRDA:10,3,1,2
BRDA:10,3,2,2
BRF:9
BRH:7
end_of_record
TN:
SF:middleware\auth.js
FN:3,(anonymous_0)
FNF:1
FNH:1
FNDA:38,(anonymous_0)
DA:1,4
DA:3,4
DA:4,38
DA:6,38
DA:8,38
DA:9,0
DA:13,38
DA:14,38
DA:15,38
DA:17,0
LF:10
LH:8
BRDA:8,0,0,0
BRDA:8,0,1,38
BRF:2
BRH:1
end_of_record
TN:
SF:models\Listing.js
FNF:0
FNH:0
DA:1,4
DA:3,4
DA:111,4
LF:3
LH:3
BRF:0
BRH:0
end_of_record
TN:
SF:models\Portfolio.js
FNF:0
FNH:0
DA:1,4
DA:3,4
DA:73,4
LF:3
LH:3
BRF:0
BRH:0
end_of_record
TN:
SF:models\Trade.js
FNF:0
FNH:0
DA:1,4
DA:3,4
DA:91,4
DA:92,4
DA:93,4
DA:95,4
LF:6
LH:6
BRF:0
BRH:0
end_of_record
TN:
SF:models\User.js
FNF:0
FNH:0
DA:1,4
DA:3,4
DA:62,4
LF:3
LH:3
BRF:0
BRH:0
end_of_record
TN:
SF:routes\auth.js
FN:9,(anonymous_0)
FN:15,(anonymous_1)
FN:46,(anonymous_2)
FN:115,(anonymous_3)
FN:160,(anonymous_4)
FN:188,(anonymous_5)
FN:221,(anonymous_6)
FN:249,(anonymous_7)
FN:282,(anonymous_8)
FN:311,(anonymous_9)
FNF:10
FNH:3
FNDA:9,(anonymous_0)
FNDA:9,(anonymous_1)
FNDA:9,(anonymous_2)
FNDA:0,(anonymous_3)
FNDA:0,(anonymous_4)
FNDA:0,(anonymous_5)
FNDA:0,(anonymous_6)
FNDA:0,(anonymous_7)
FNDA:0,(anonymous_8)
FNDA:0,(anonymous_9)
DA:1,4
DA:2,4
DA:3,4
DA:4,4
DA:5,4
DA:6,4
DA:9,4
DA:10,9
DA:11,9
DA:15,4
DA:16,9
DA:30,9
DA:39,9
DA:40,9
DA:42,9
DA:46,4
DA:47,9
DA:48,9
DA:51,9
DA:52,9
DA:53,0
DA:57,9
DA:60,9
DA:63,9
DA:64,9
DA:67,9
DA:68,0
DA:69,0
DA:73,9
DA:84,9
DA:87,9
DA:93,9
DA:109,0
DA:110,0
DA:115,4
DA:116,0
DA:117,0
DA:120,0
DA:121,0
DA:122,0
DA:126,0
DA:127,0
DA:128,0
DA:132,0
DA:138,0
DA:154,0
DA:155,0
DA:160,4
DA:161,0
DA:162,0
DA:164,0
DA:165,0
DA:166,0
DA:170,0
DA:173,0
DA:174,0
DA:175,0
DA:178,0
DA:180,0
DA:182,0
DA:183,0
DA:188,4
DA:189,0
DA:190,0
DA:192,0
DA:193,0
DA:194,0
DA:198,0
DA:199,0
DA:203,0
DA:204,0
DA:208,0
DA:209,0
DA:210,0
DA:211,0
DA:213,0
DA:215,0
DA:216,0
DA:221,4
DA:222,0
DA:223,0
DA:225,0
DA:226,0
DA:227,0
DA:231,0
DA:234,0
DA:235,0
DA:236,0
DA:239,0
DA:241,0
DA:243,0
DA:244,0
DA:249,4
DA:250,0
DA:251,0
DA:253,0
DA:254,0
DA:255,0
DA:259,0
DA:260,0
DA:264,0
DA:265,0
DA:269,0
DA:270,0
DA:271,0
DA:272,0
DA:274,0
DA:276,0
DA:277,0
DA:282,4
DA:283,0
DA:284,0
DA:286,0
DA:287,0
DA:290,0
DA:291,0
DA:292,0
DA:295,0
DA:297,0
DA:298,0
DA:299,0
DA:301,0
DA:303,0
DA:305,0
DA:306,0
DA:311,4
DA:312,0
DA:313,0
DA:315,0
DA:316,0
DA:319,0
DA:320,0
DA:321,0
DA:324,0
DA:325,0
DA:328,0
DA:329,0
DA:332,0
DA:333,0
DA:334,0
DA:335,0
DA:336,0
DA:338,0
DA:340,0
DA:341,0
DA:345,4
LF:146
LH:37
BRDA:52,0,0,0
BRDA:52,0,1,9
BRDA:80,1,0,9
BRDA:80,1,1,0
BRDA:81,2,0,2
BRDA:81,2,1,7
BRDA:121,3,0,0
BRDA:121,3,1,0
BRDA:127,4,0,0
BRDA:127,4,1,0
BRDA:165,5,0,0
BRDA:165,5,1,0
BRDA:193,6,0,0
BRDA:193,6,1,0
BRDA:198,7,0,0
BRDA:198,7,1,0
BRDA:203,8,0,0
BRDA:203,8,1,0
BRDA:226,9,0,0
BRDA:226,9,1,0
BRDA:254,10,0,0
BRDA:254,10,1,0
BRDA:259,11,0,0
BRDA:259,11,1,0
BRDA:264,12,0,0
BRDA:264,12,1,0
BRDA:286,13,0,0
BRDA:286,13,1,0
BRDA:286,14,0,0
BRDA:286,14,1,0
BRDA:291,15,0,0
BRDA:291,15,1,0
BRDA:291,16,0,0
BRDA:291,16,1,0
BRDA:315,17,0,0
BRDA:315,17,1,0
BRDA:315,18,0,0
BRDA:315,18,1,0
BRDA:315,18,2,0
BRDA:315,18,3,0
BRDA:320,19,0,0
BRDA:320,19,1,0
BRDA:320,20,0,0
BRDA:320,20,1,0
BRDA:324,21,0,0
BRDA:324,21,1,0
BRDA:324,22,0,0
BRDA:324,22,1,0
BRDA:328,23,0,0
BRDA:328,23,1,0
BRF:50
BRH:4
end_of_record
TN:
SF:routes\bids.js
FN:5,(anonymous_0)
FNF:1
FNH:0
FNDA:0,(anonymous_0)
DA:1,4
DA:2,4
DA:5,4
DA:6,0
DA:9,4
LF:5
LH:4
BRF:0
BRH:0
end_of_record
TN:
SF:routes\companies.js
FN:5,(anonymous_0)
FNF:1
FNH:0
FNDA:0,(anonymous_0)
DA:1,4
DA:2,4
DA:5,4
DA:6,0
DA:9,4
LF:5
LH:4
BRF:0
BRH:0
end_of_record
TN:
SF:routes\listings.js
FN:7,(anonymous_0)
FN:20,(anonymous_1)
FN:54,(anonymous_2)
FN:80,(anonymous_3)
FN:112,(anonymous_4)
FN:130,(anonymous_5)
FN:155,(anonymous_6)
FN:164,(anonymous_7)
FN:196,(anonymous_8)
FN:205,(anonymous_9)
FN:223,(anonymous_10)
FN:267,(anonymous_11)
FN:285,(anonymous_12)
FN:312,(anonymous_13)
FN:329,(anonymous_14)
FNF:15
FNH:11
FNDA:0,(anonymous_0)
FNDA:7,(anonymous_1)
FNDA:0,(anonymous_2)
FNDA:6,(anonymous_3)
FNDA:2,(anonymous_4)
FNDA:0,(anonymous_5)
FNDA:2,(anonymous_6)
FNDA:2,(anonymous_7)
FNDA:8,(anonymous_8)
FNDA:8,(anonymous_9)
FNDA:8,(anonymous_10)
FNDA:0,(anonymous_11)
FNDA:2,(anonymous_12)
FNDA:1,(anonymous_13)
FNDA:1,(anonymous_14)
DA:1,4
DA:2,4
DA:3,4
DA:4,4
DA:7,4
DA:8,0
DA:9,0
DA:13,0
DA:15,0
DA:20,4
DA:21,7
DA:22,7
DA:24,7
DA:25,7
DA:26,7
DA:27,7
DA:30,7
DA:41,7
DA:44,7
DA:46,7
DA:48,0
DA:49,0
DA:54,4
DA:55,0
DA:56,0
DA:58,0
DA:67,0
DA:70,0
DA:72,0
DA:74,0
DA:75,0
DA:80,4
DA:81,6
DA:82,6
DA:84,6
DA:85,6
DA:86,0
DA:90,6
DA:91,6
DA:92,6
DA:93,6
DA:94,6
DA:96,6
DA:104,6
DA:105,6
DA:107,0
DA:112,4
DA:113,2
DA:114,2
DA:115,2
DA:116,2
DA:118,2
DA:119,2
DA:122,2
DA:125,2
DA:130,0
DA:147,2
DA:149,0
DA:150,0
DA:155,4
DA:156,2
DA:157,2
DA:158,2
DA:159,2
DA:161,2
DA:162,2
DA:164,2
DA:166,2
DA:168,2
DA:188,2
DA:190,0
DA:191,0
DA:196,4
DA:197,8
DA:198,8
DA:199,8
DA:200,8
DA:202,8
DA:203,8
DA:205,8
DA:206,8
DA:207,8
DA:208,8
DA:210,8
DA:211,8
DA:212,8
DA:214,8
DA:216,8
DA:223,8
DA:224,8
DA:226,4
DA:227,4
DA:228,4
DA:229,4
DA:230,4
DA:231,4
DA:232,4
DA:248,4
DA:251,4
DA:252,4
DA:253,4
DA:254,4
DA:255,4
DA:258,4
DA:261,0
DA:262,0
DA:267,4
DA:268,0
DA:269,0
DA:270,0
DA:272,0
DA:274,0
DA:275,0
DA:276,0
DA:277,0
DA:279,0
DA:280,0
DA:285,4
DA:286,2
DA:287,2
DA:288,2
DA:289,2
DA:290,2
DA:294,2
DA:295,0
DA:299,2
DA:300,2
DA:301,2
DA:302,2
DA:303,2
DA:304,2
DA:306,0
DA:307,0
DA:312,4
DA:313,1
DA:314,1
DA:315,1
DA:316,1
DA:318,1
DA:319,1
DA:320,1
DA:321,1
DA:323,0
DA:324,0
DA:329,4
DA:330,1
DA:331,1
DA:332,1
DA:334,1
DA:335,1
DA:336,0
DA:341,1
DA:342,1
DA:343,1
DA:344,1
DA:346,1
DA:348,1
DA:365,1
DA:368,1
DA:369,1
DA:370,1
DA:371,1
DA:373,1
DA:375,0
DA:376,0
DA:380,4
LF:166
LH:125
BRDA:26,0,0,7
BRDA:26,0,1,0
BRDA:85,1,0,0
BRDA:85,1,1,6
BRDA:90,2,0,6
BRDA:90,2,1,0
BRDA:90,2,2,0
BRDA:93,3,0,6
BRDA:93,3,1,0
BRDA:119,4,0,0
BRDA:119,4,1,2
BRDA:122,5,0,0
BRDA:122,5,1,2
BRDA:130,6,0,2
BRDA:130,6,1,0
BRDA:162,7,0,0
BRDA:162,7,1,2
BRDA:164,8,0,2
BRDA:164,8,1,0
BRDA:166,9,0,0
BRDA:166,9,1,2
BRDA:173,10,0,2
BRDA:173,10,1,0
BRDA:203,11,0,0
BRDA:203,11,1,8
BRDA:205,12,0,8
BRDA:205,12,1,0
BRDA:208,13,0,0
BRDA:208,13,1,8
BRDA:208,14,0,8
BRDA:208,14,1,4
BRDA:211,15,0,4
BRDA:211,15,1,4
BRDA:211,16,0,8
BRDA:211,16,1,4
BRDA:212,17,0,4
BRDA:212,17,1,4
BRDA:212,18,0,8
BRDA:212,18,1,4
BRDA:214,19,0,0
BRDA:214,19,1,8
BRDA:223,20,0,8
BRDA:223,20,1,0
BRDA:224,21,0,4
BRDA:224,21,1,4
BRDA:224,22,0,8
BRDA:224,22,1,4
BRDA:227,23,0,4
BRDA:227,23,1,3
BRDA:229,24,0,4
BRDA:229,24,1,0
BRDA:270,25,0,0
BRDA:270,25,1,0
BRDA:272,26,0,0
BRDA:272,26,1,0
BRDA:289,27,0,0
BRDA:289,27,1,2
BRDA:290,28,0,0
BRDA:290,28,1,2
BRDA:294,29,0,0
BRDA:294,29,1,2
BRDA:294,30,0,2
BRDA:294,30,1,0
BRDA:294,30,2,0
BRDA:302,31,0,2
BRDA:302,31,1,2
BRDA:315,32,0,0
BRDA:315,32,1,1
BRDA:316,33,0,0
BRDA:316,33,1,1
BRDA:335,34,0,0
BRDA:335,34,1,1
BRDA:343,35,0,1
BRDA:343,35,1,0
BRF:74
BRH:43
end_of_record
TN:
SF:routes\portfolio.js
FN:7,(anonymous_0)
FN:29,(anonymous_1)
FN:57,(anonymous_2)
FN:78,(anonymous_3)
FN:86,(anonymous_4)
FN:100,(anonymous_5)
FN:110,(anonymous_6)
FNF:7
FNH:0
FNDA:0,(anonymous_0)
FNDA:0,(anonymous_1)
FNDA:0,(anonymous_2)
FNDA:0,(anonymous_3)
FNDA:0,(anonymous_4)
FNDA:0,(anonymous_5)
FNDA:0,(anonymous_6)
DA:1,4
DA:2,4
DA:3,4
DA:4,4
DA:7,4
DA:8,0
DA:9,0
DA:12,0
DA:13,0
DA:18,0
DA:21,0
DA:23,0
DA:24,0
DA:29,4
DA:30,0
DA:31,0
DA:33,0
DA:35,0
DA:36,0
DA:44,0
DA:53,0
DA:56,0
DA:57,0
DA:59,0
DA:60,0
DA:61,0
DA:64,0
DA:65,0
DA:66,0
DA:67,0
DA:69,0
DA:77,0
DA:78,0
DA:80,0
DA:81,0
DA:82,0
DA:85,0
DA:86,0
DA:91,0
DA:92,0
DA:94,0
DA:95,0
DA:100,4
DA:101,0
DA:102,0
DA:104,0
DA:106,0
DA:107,0
DA:110,0
DA:112,0
DA:113,0
DA:116,0
DA:117,0
DA:119,0
DA:120,0
DA:122,0
DA:123,0
DA:127,4
LF:58
LH:8
BRDA:12,0,0,0
BRDA:12,0,1,0
BRDA:35,1,0,0
BRDA:35,1,1,0
BRDA:56,2,0,0
BRDA:56,2,1,0
BRDA:59,3,0,0
BRDA:59,3,1,0
BRDA:77,4,0,0
BRDA:77,4,1,0
BRDA:80,5,0,0
BRDA:80,5,1,0
BRDA:85,6,0,0
BRDA:85,6,1,0
BRDA:106,7,0,0
BRDA:106,7,1,0
BRDA:112,8,0,0
BRDA:112,8,1,0
BRF:18
BRH:0
end_of_record
TN:
SF:routes\trades.js
FN:19,(anonymous_0)
FN:22,(anonymous_1)
FN:30,(anonymous_2)
FN:44,(anonymous_3)
FN:62,(anonymous_4)
FN:90,(anonymous_5)
FN:127,(anonymous_6)
FN:165,(anonymous_7)
FN:209,(anonymous_8)
FN:252,(anonymous_9)
FNF:10
FNH:8
FNDA:3,(anonymous_0)
FNDA:3,(anonymous_1)
FNDA:3,(anonymous_2)
FNDA:0,(anonymous_3)
FNDA:0,(anonymous_4)
FNDA:1,(anonymous_5)
FNDA:1,(anonymous_6)
FNDA:2,(anonymous_7)
FNDA:1,(anonymous_8)
FNDA:2,(anonymous_9)
DA:1,4
DA:2,4
DA:3,4
DA:4,4
DA:5,4
DA:6,4
DA:7,4
DA:8,4
DA:9,4
DA:12,4
DA:13,4
DA:14,0
DA:18,4
DA:20,3
DA:23,3
DA:24,3
DA:27,4
DA:31,3
DA:32,3
DA:33,3
DA:34,3
DA:35,3
DA:37,0
DA:44,4
DA:45,0
DA:46,0
DA:54,0
DA:56,0
DA:57,0
DA:62,4
DA:63,0
DA:64,0
DA:69,0
DA:70,0
DA:74,0
DA:76,0
DA:79,0
DA:81,0
DA:82,0
DA:87,4
DA:91,1
DA:92,1
DA:94,1
DA:95,0
DA:99,1
DA:100,0
DA:104,1
DA:105,0
DA:109,1
DA:110,1
DA:112,1
DA:113,1
DA:115,1
DA:117,1
DA:119,1
DA:121,0
DA:122,0
DA:127,4
DA:128,1
DA:129,1
DA:130,1
DA:132,1
DA:133,0
DA:137,1
DA:138,0
DA:142,1
DA:143,0
DA:147,1
DA:148,1
DA:150,1
DA:151,1
DA:153,1
DA:155,1
DA:157,1
DA:159,0
DA:160,0
DA:165,4
DA:166,2
DA:172,2
DA:174,2
DA:175,0
DA:178,2
DA:179,0
DA:183,2
DA:185,0
DA:189,2
DA:190,2
DA:191,2
DA:192,2
DA:194,2
DA:197,2
DA:201,2
DA:203,0
DA:204,0
DA:209,4
DA:210,1
DA:212,1
DA:214,1
DA:215,0
DA:218,1
DA:220,1
DA:221,0
DA:224,1
DA:225,0
DA:229,1
DA:230,1
DA:231,1
DA:232,1
DA:234,1
DA:237,1
DA:244,1
DA:246,0
DA:247,0
DA:252,4
DA:253,2
DA:254,2
DA:255,2
DA:257,2
DA:258,2
DA:259,2
DA:260,2
DA:261,2
DA:262,2
DA:264,2
DA:265,0
DA:266,0
DA:267,0
DA:270,2
DA:271,0
DA:274,2
DA:275,2
DA:277,2
DA:280,2
DA:281,2
DA:283,0
DA:284,0
DA:288,4
LF:137
LH:95
BRDA:13,0,0,0
BRDA:13,0,1,4
BRDA:34,1,0,3
BRDA:34,1,1,0
BRDA:34,2,0,3
BRDA:34,2,1,3
BRDA:69,3,0,0
BRDA:69,3,1,0
BRDA:74,4,0,0
BRDA:74,4,1,0
BRDA:74,5,0,0
BRDA:74,5,1,0
BRDA:94,6,0,0
BRDA:94,6,1,1
BRDA:99,7,0,0
BRDA:99,7,1,1
BRDA:104,8,0,0
BRDA:104,8,1,1
BRDA:109,9,0,1
BRDA:109,9,1,0
BRDA:112,10,0,1
BRDA:112,10,1,0
BRDA:132,11,0,0
BRDA:132,11,1,1
BRDA:137,12,0,0
BRDA:137,12,1,1
BRDA:142,13,0,0
BRDA:142,13,1,1
BRDA:147,14,0,1
BRDA:147,14,1,0
BRDA:150,15,0,1
BRDA:150,15,1,0
BRDA:174,16,0,0
BRDA:174,16,1,2
BRDA:178,17,0,0
BRDA:178,17,1,2
BRDA:183,18,0,0
BRDA:183,18,1,2
BRDA:183,19,0,2
BRDA:183,19,1,2
BRDA:183,19,2,2
BRDA:183,19,3,2
BRDA:214,20,0,0
BRDA:214,20,1,1
BRDA:214,21,0,1
BRDA:214,21,1,1
BRDA:220,22,0,0
BRDA:220,22,1,1
BRDA:224,23,0,0
BRDA:224,23,1,1
BRDA:255,24,0,0
BRDA:255,24,1,2
BRDA:259,25,0,2
BRDA:259,25,1,0
BRDA:259,26,0,2
BRDA:259,26,1,2
BRDA:264,27,0,0
BRDA:264,27,1,2
BRDA:264,28,0,2
BRDA:264,28,1,0
BRDA:270,29,0,0
BRDA:270,29,1,2
BRDA:274,30,0,2
BRDA:274,30,1,0
BRDA:274,31,0,2
BRDA:274,31,1,2
BRF:66
BRH:36
end_of_record
TN:
SF:routes\users.js
FN:7,(anonymous_0)
FN:17,(anonymous_1)
FN:30,(anonymous_2)
FNF:3
FNH:0
FNDA:0,(anonymous_0)
FNDA:0,(anonymous_1)
FNDA:0,(anonymous_2)
DA:1,4
DA:2,4
DA:3,4
DA:4,4
DA:7,4
DA:8,0
DA:9,0
DA:10,0
DA:12,0
DA:17,4
DA:18,0
DA:19,0
DA:20,0
DA:21,0
DA:23,0
DA:25,0
DA:30,4
DA:31,0
DA:32,0
DA:36,0
DA:37,0
DA:41,0
DA:42,0
DA:43,0
DA:44,0
DA:49,0
DA:50,0
DA:51,0
DA:52,0
DA:55,0
DA:61,0
DA:62,0
DA:65,0
DA:71,0
DA:72,0
DA:76,4
LF:36
LH:8
BRDA:20,0,0,0
BRDA:20,0,1,0
BRDA:36,1,0,0
BRDA:36,1,1,0
BRDA:36,2,0,0
BRDA:36,2,1,0
BRDA:41,3,0,0
BRDA:41,3,1,0
BRDA:43,4,0,0
BRDA:43,4,1,0
BRDA:50,5,0,0
BRDA:50,5,1,0
BRDA:51,6,0,0
BRDA:51,6,1,0
BRDA:52,7,0,0
BRDA:52,7,1,0
BRDA:61,8,0,0
BRDA:61,8,1,0
BRF:18
BRH:0
end_of_record
TN:
SF:utils\otpService.js
FN:5,(anonymous_0)
FN:45,(anonymous_1)
FN:69,(anonymous_2)
FNF:3
FNH:0
FNDA:0,(anonymous_0)
FNDA:0,(anonymous_1)
FNDA:0,(anonymous_2)
DA:1,4
DA:2,4
DA:5,4
DA:6,0
DA:8,0
DA:17,0
DA:35,0
DA:36,0
DA:37,0
DA:39,0
DA:40,0
DA:45,4
DA:46,0
DA:48,0
DA:54,0
DA:60,0
DA:61,0
DA:63,0
DA:64,0
DA:69,4
DA:70,0
DA:71,0
DA:73,0
DA:83,0
DA:84,0
DA:86,0
DA:87,0
DA:91,4
LF:28
LH:6
BRDA:9,0,0,0
BRDA:9,0,1,0
BRF:2
BRH:0
end_of_record
